The system is: Linux - 4.18.0-513.24.1.el8_9.x86_64 - x86_64
Compiling the C compiler identification source file "CMakeCCompilerId.c" succeeded.
Compiler: /cm/shared/apps/spack/0.17.3/cpu/b/opt/spack/linux-rocky8-zen/gcc-8.5.0/gcc-10.2.0-npcyll4gxjhf4tejksmdzlsl3d3usqpd/bin/gcc 
Build flags: 
Id flags:  

The output was:
0


Compilation of the C compiler identification source "CMakeCCompilerId.c" produced "a.out"

The C compiler identification is GNU, found in "/home/awanyan/liang-group-fss/fss-v0/build/CMakeFiles/3.21.4/CompilerIdC/a.out"

Compiling the CXX compiler identification source file "CMakeCXXCompilerId.cpp" succeeded.
Compiler: /cm/shared/apps/spack/0.17.3/cpu/b/opt/spack/linux-rocky8-zen/gcc-8.5.0/gcc-10.2.0-npcyll4gxjhf4tejksmdzlsl3d3usqpd/bin/g++ 
Build flags: 
Id flags:  

The output was:
0


Compilation of the CXX compiler identification source "CMakeCXXCompilerId.cpp" produced "a.out"

The CXX compiler identification is GNU, found in "/home/awanyan/liang-group-fss/fss-v0/build/CMakeFiles/3.21.4/CompilerIdCXX/a.out"

Detecting C compiler ABI info compiled with the following output:
Change Dir: /home/awanyan/liang-group-fss/fss-v0/build/CMakeFiles/CMakeTmp

Run Build Command(s):/usr/bin/gmake -f Makefile cmTC_53c91/fast && /usr/bin/gmake  -f CMakeFiles/cmTC_53c91.dir/build.make CMakeFiles/cmTC_53c91.dir/build
gmake[1]: Entering directory '/home/awanyan/liang-group-fss/fss-v0/build/CMakeFiles/CMakeTmp'
Building C object CMakeFiles/cmTC_53c91.dir/CMakeCCompilerABI.c.o
/cm/shared/apps/spack/0.17.3/cpu/b/opt/spack/linux-rocky8-zen/gcc-8.5.0/gcc-10.2.0-npcyll4gxjhf4tejksmdzlsl3d3usqpd/bin/gcc   -v -o CMakeFiles/cmTC_53c91.dir/CMakeCCompilerABI.c.o -c /cm/shared/apps/spack/0.17.3/cpu/b/opt/spack/linux-rocky8-zen2/gcc-10.2.0/cmake-3.21.4-teqow323nekvjuykogajj7rabwhsuohs/share/cmake-3.21/Modules/CMakeCCompilerABI.c
Reading specs from /cm/shared/apps/spack/0.17.3/cpu/b/opt/spack/linux-rocky8-zen/gcc-8.5.0/gcc-10.2.0-npcyll4gxjhf4tejksmdzlsl3d3usqpd/lib/gcc/x86_64-pc-linux-gnu/10.2.0/specs
COLLECT_GCC=/cm/shared/apps/spack/0.17.3/cpu/b/opt/spack/linux-rocky8-zen/gcc-8.5.0/gcc-10.2.0-npcyll4gxjhf4tejksmdzlsl3d3usqpd/bin/gcc
Target: x86_64-pc-linux-gnu
Configured with: /scratch/spack_cpu/job_21694812/spack-stage/spack-stage-gcc-10.2.0-npcyll4gxjhf4tejksmdzlsl3d3usqpd/spack-src/configure --prefix=/cm/shared/apps/spack/0.17.3/cpu/b/opt/spack/linux-rocky8-zen/gcc-8.5.0/gcc-10.2.0-npcyll4gxjhf4tejksmdzlsl3d3usqpd --with-pkgversion='Spack GCC' --with-bugurl=https://github.com/spack/spack/issues --disable-multilib --enable-languages=c,c++,fortran --disable-nls --with-system-zlib --with-zstd-include=/cm/shared/apps/spack/0.17.3/cpu/b/opt/spack/linux-rocky8-zen/gcc-8.5.0/zstd-1.5.0-ixhjq2kjkwwiubjqtzompy3ovx3xskjy/include --with-zstd-lib=/cm/shared/apps/spack/0.17.3/cpu/b/opt/spack/linux-rocky8-zen/gcc-8.5.0/zstd-1.5.0-ixhjq2kjkwwiubjqtzompy3ovx3xskjy/lib --disable-bootstrap --with-mpfr-include=/cm/shared/apps/spack/0.17.3/cpu/b/opt/spack/linux-rocky8-zen/gcc-8.5.0/mpfr-4.1.0-2gn43ksz5mn4l2ydhukvmf2hc5n6lsu2/include --with-mpfr-lib=/cm/shared/apps/spack/0.17.3/cpu/b/opt/spack/linux-rocky8-zen/gcc-8.5.0/mpfr-4.1.0-2gn43ksz5mn4l2ydhukvmf2hc5n6lsu2/lib --with-gmp-include=/cm/shared/apps/spack/0.17.3/cpu/b/opt/spack/linux-rocky8-zen/gcc-8.5.0/gmp-6.2.1-6d5recuzoijnpzdmyuyatwr32y6e756r/include --with-gmp-lib=/cm/shared/apps/spack/0.17.3/cpu/b/opt/spack/linux-rocky8-zen/gcc-8.5.0/gmp-6.2.1-6d5recuzoijnpzdmyuyatwr32y6e756r/lib --with-mpc-include=/cm/shared/apps/spack/0.17.3/cpu/b/opt/spack/linux-rocky8-zen/gcc-8.5.0/mpc-1.1.0-7brtlqfdvz2iwdzeyd23igqlwz3fq4d5/include --with-mpc-lib=/cm/shared/apps/spack/0.17.3/cpu/b/opt/spack/linux-rocky8-zen/gcc-8.5.0/mpc-1.1.0-7brtlqfdvz2iwdzeyd23igqlwz3fq4d5/lib --without-isl --with-stage1-ldflags='-Wl,-rpath,/cm/shared/apps/spack/0.17.3/cpu/b/opt/spack/linux-rocky8-zen/gcc-8.5.0/gcc-10.2.0-npcyll4gxjhf4tejksmdzlsl3d3usqpd/lib -Wl,-rpath,/cm/shared/apps/spack/0.17.3/cpu/b/opt/spack/linux-rocky8-zen/gcc-8.5.0/gcc-10.2.0-npcyll4gxjhf4tejksmdzlsl3d3usqpd/lib64 -Wl,-rpath,/cm/shared/apps/spack/0.17.3/cpu/b/opt/spack/linux-rocky8-zen/gcc-8.5.0/gmp-6.2.1-6d5recuzoijnpzdmyuyatwr32y6e756r/lib -Wl,-rpath,/cm/shared/apps/spack/0.17.3/cpu/b/opt/spack/linux-rocky8-zen/gcc-8.5.0/mpc-1.1.0-7brtlqfdvz2iwdzeyd23igqlwz3fq4d5/lib -Wl,-rpath,/cm/shared/apps/spack/0.17.3/cpu/b/opt/spack/linux-rocky8-zen/gcc-8.5.0/mpfr-4.1.0-2gn43ksz5mn4l2ydhukvmf2hc5n6lsu2/lib -Wl,-rpath,/cm/shared/apps/spack/0.17.3/cpu/b/opt/spack/linux-rocky8-zen/gcc-8.5.0/zlib-1.2.11-bmchsimapzrndjqxvin7wptdiiwoxdqq/lib -Wl,-rpath,/cm/shared/apps/spack/0.17.3/cpu/b/opt/spack/linux-rocky8-zen/gcc-8.5.0/zstd-1.5.0-ixhjq2kjkwwiubjqtzompy3ovx3xskjy/lib' --with-boot-ldflags='-Wl,-rpath,/cm/shared/apps/spack/0.17.3/cpu/b/opt/spack/linux-rocky8-zen/gcc-8.5.0/gcc-10.2.0-npcyll4gxjhf4tejksmdzlsl3d3usqpd/lib -Wl,-rpath,/cm/shared/apps/spack/0.17.3/cpu/b/opt/spack/linux-rocky8-zen/gcc-8.5.0/gcc-10.2.0-npcyll4gxjhf4tejksmdzlsl3d3usqpd/lib64 -Wl,-rpath,/cm/shared/apps/spack/0.17.3/cpu/b/opt/spack/linux-rocky8-zen/gcc-8.5.0/gmp-6.2.1-6d5recuzoijnpzdmyuyatwr32y6e756r/lib -Wl,-rpath,/cm/shared/apps/spack/0.17.3/cpu/b/opt/spack/linux-rocky8-zen/gcc-8.5.0/mpc-1.1.0-7brtlqfdvz2iwdzeyd23igqlwz3fq4d5/lib -Wl,-rpath,/cm/shared/apps/spack/0.17.3/cpu/b/opt/spack/linux-rocky8-zen/gcc-8.5.0/mpfr-4.1.0-2gn43ksz5mn4l2ydhukvmf2hc5n6lsu2/lib -Wl,-rpath,/cm/shared/apps/spack/0.17.3/cpu/b/opt/spack/linux-rocky8-zen/gcc-8.5.0/zlib-1.2.11-bmchsimapzrndjqxvin7wptdiiwoxdqq/lib -Wl,-rpath,/cm/shared/apps/spack/0.17.3/cpu/b/opt/spack/linux-rocky8-zen/gcc-8.5.0/zstd-1.5.0-ixhjq2kjkwwiubjqtzompy3ovx3xskjy/lib -static-libstdc++ -static-libgcc'
Thread model: posix
Supported LTO compression algorithms: zlib zstd
gcc version 10.2.0 (Spack GCC) 
COLLECT_GCC_OPTIONS='-v' '-o' 'CMakeFiles/cmTC_53c91.dir/CMakeCCompilerABI.c.o' '-c' '-mtune=generic' '-march=x86-64'
 /cm/shared/apps/spack/0.17.3/cpu/b/opt/spack/linux-rocky8-zen/gcc-8.5.0/gcc-10.2.0-npcyll4gxjhf4tejksmdzlsl3d3usqpd/libexec/gcc/x86_64-pc-linux-gnu/10.2.0/cc1 -quiet -v /cm/shared/apps/spack/0.17.3/cpu/b/opt/spack/linux-rocky8-zen2/gcc-10.2.0/cmake-3.21.4-teqow323nekvjuykogajj7rabwhsuohs/share/cmake-3.21/Modules/CMakeCCompilerABI.c -quiet -dumpbase CMakeCCompilerABI.c -mtune=generic -march=x86-64 -auxbase-strip CMakeFiles/cmTC_53c91.dir/CMakeCCompilerABI.c.o -version -o /tmp/cc4ZZvRK.s
GNU C17 (Spack GCC) version 10.2.0 (x86_64-pc-linux-gnu)
	compiled by GNU C version 8.5.0 20210514 (Red Hat 8.5.0-16), GMP version 6.2.1, MPFR version 4.1.0, MPC version 1.1.0, isl version none
GGC heuristics: --param ggc-min-expand=100 --param ggc-min-heapsize=131072
ignoring nonexistent directory "/cm/shared/apps/spack/0.17.3/cpu/b/opt/spack/linux-rocky8-zen/gcc-8.5.0/gcc-10.2.0-npcyll4gxjhf4tejksmdzlsl3d3usqpd/lib/gcc/x86_64-pc-linux-gnu/10.2.0/../../../../x86_64-pc-linux-gnu/include"
#include "..." search starts here:
#include <...> search starts here:
 /cm/shared/apps/slurm/current/include
 /cm/shared/apps/spack/0.17.3/cpu/b/opt/spack/linux-rocky8-zen/gcc-8.5.0/gcc-10.2.0-npcyll4gxjhf4tejksmdzlsl3d3usqpd/lib/gcc/x86_64-pc-linux-gnu/10.2.0/include
 /usr/local/include
 /cm/shared/apps/spack/0.17.3/cpu/b/opt/spack/linux-rocky8-zen/gcc-8.5.0/gcc-10.2.0-npcyll4gxjhf4tejksmdzlsl3d3usqpd/include
 /cm/shared/apps/spack/0.17.3/cpu/b/opt/spack/linux-rocky8-zen/gcc-8.5.0/gcc-10.2.0-npcyll4gxjhf4tejksmdzlsl3d3usqpd/lib/gcc/x86_64-pc-linux-gnu/10.2.0/include-fixed
 /usr/include
End of search list.
GNU C17 (Spack GCC) version 10.2.0 (x86_64-pc-linux-gnu)
	compiled by GNU C version 8.5.0 20210514 (Red Hat 8.5.0-16), GMP version 6.2.1, MPFR version 4.1.0, MPC version 1.1.0, isl version none
GGC heuristics: --param ggc-min-expand=100 --param ggc-min-heapsize=131072
Compiler executable checksum: 2598a20a24e8b19d66de5bfa52c359df
COLLECT_GCC_OPTIONS='-v' '-o' 'CMakeFiles/cmTC_53c91.dir/CMakeCCompilerABI.c.o' '-c' '-mtune=generic' '-march=x86-64'
 as -v --64 -o CMakeFiles/cmTC_53c91.dir/CMakeCCompilerABI.c.o /tmp/cc4ZZvRK.s
GNU assembler version 2.30 (x86_64-redhat-linux) using BFD version version 2.30-123.el8
COMPILER_PATH=/cm/shared/apps/spack/0.17.3/cpu/b/opt/spack/linux-rocky8-zen/gcc-8.5.0/gcc-10.2.0-npcyll4gxjhf4tejksmdzlsl3d3usqpd/libexec/gcc/x86_64-pc-linux-gnu/10.2.0/:/cm/shared/apps/spack/0.17.3/cpu/b/opt/spack/linux-rocky8-zen/gcc-8.5.0/gcc-10.2.0-npcyll4gxjhf4tejksmdzlsl3d3usqpd/libexec/gcc/x86_64-pc-linux-gnu/10.2.0/:/cm/shared/apps/spack/0.17.3/cpu/b/opt/spack/linux-rocky8-zen/gcc-8.5.0/gcc-10.2.0-npcyll4gxjhf4tejksmdzlsl3d3usqpd/libexec/gcc/x86_64-pc-linux-gnu/:/cm/shared/apps/spack/0.17.3/cpu/b/opt/spack/linux-rocky8-zen/gcc-8.5.0/gcc-10.2.0-npcyll4gxjhf4tejksmdzlsl3d3usqpd/lib/gcc/x86_64-pc-linux-gnu/10.2.0/:/cm/shared/apps/spack/0.17.3/cpu/b/opt/spack/linux-rocky8-zen/gcc-8.5.0/gcc-10.2.0-npcyll4gxjhf4tejksmdzlsl3d3usqpd/lib/gcc/x86_64-pc-linux-gnu/
LIBRARY_PATH=/cm/shared/apps/slurm/current/lib64/../lib64/:/cm/shared/apps/spack/0.17.3/cpu/b/opt/spack/linux-rocky8-zen/gcc-8.5.0/gcc-10.2.0-npcyll4gxjhf4tejksmdzlsl3d3usqpd/lib/gcc/x86_64-pc-linux-gnu/10.2.0/:/cm/shared/apps/spack/0.17.3/cpu/b/opt/spack/linux-rocky8-zen/gcc-8.5.0/gcc-10.2.0-npcyll4gxjhf4tejksmdzlsl3d3usqpd/lib/gcc/x86_64-pc-linux-gnu/10.2.0/../../../../lib64/:/lib/../lib64/:/usr/lib/../lib64/:/cm/shared/apps/slurm/current/lib64/slurm/:/cm/shared/apps/slurm/current/lib64/:/cm/shared/apps/spack/0.17.3/cpu/b/opt/spack/linux-rocky8-zen/gcc-8.5.0/gcc-10.2.0-npcyll4gxjhf4tejksmdzlsl3d3usqpd/lib/gcc/x86_64-pc-linux-gnu/10.2.0/../../../:/lib/:/usr/lib/
COLLECT_GCC_OPTIONS='-v' '-o' 'CMakeFiles/cmTC_53c91.dir/CMakeCCompilerABI.c.o' '-c' '-mtune=generic' '-march=x86-64'
Linking C executable cmTC_53c91
/cm/shared/apps/spack/0.17.3/cpu/b/opt/spack/linux-rocky8-zen2/gcc-10.2.0/cmake-3.21.4-teqow323nekvjuykogajj7rabwhsuohs/bin/cmake -E cmake_link_script CMakeFiles/cmTC_53c91.dir/link.txt --verbose=1
/cm/shared/apps/spack/0.17.3/cpu/b/opt/spack/linux-rocky8-zen/gcc-8.5.0/gcc-10.2.0-npcyll4gxjhf4tejksmdzlsl3d3usqpd/bin/gcc  -v -rdynamic CMakeFiles/cmTC_53c91.dir/CMakeCCompilerABI.c.o -o cmTC_53c91 
Reading specs from /cm/shared/apps/spack/0.17.3/cpu/b/opt/spack/linux-rocky8-zen/gcc-8.5.0/gcc-10.2.0-npcyll4gxjhf4tejksmdzlsl3d3usqpd/lib/gcc/x86_64-pc-linux-gnu/10.2.0/specs
COLLECT_GCC=/cm/shared/apps/spack/0.17.3/cpu/b/opt/spack/linux-rocky8-zen/gcc-8.5.0/gcc-10.2.0-npcyll4gxjhf4tejksmdzlsl3d3usqpd/bin/gcc
COLLECT_LTO_WRAPPER=/cm/shared/apps/spack/0.17.3/cpu/b/opt/spack/linux-rocky8-zen/gcc-8.5.0/gcc-10.2.0-npcyll4gxjhf4tejksmdzlsl3d3usqpd/libexec/gcc/x86_64-pc-linux-gnu/10.2.0/lto-wrapper
Target: x86_64-pc-linux-gnu
Configured with: /scratch/spack_cpu/job_21694812/spack-stage/spack-stage-gcc-10.2.0-npcyll4gxjhf4tejksmdzlsl3d3usqpd/spack-src/configure --prefix=/cm/shared/apps/spack/0.17.3/cpu/b/opt/spack/linux-rocky8-zen/gcc-8.5.0/gcc-10.2.0-npcyll4gxjhf4tejksmdzlsl3d3usqpd --with-pkgversion='Spack GCC' --with-bugurl=https://github.com/spack/spack/issues --disable-multilib --enable-languages=c,c++,fortran --disable-nls --with-system-zlib --with-zstd-include=/cm/shared/apps/spack/0.17.3/cpu/b/opt/spack/linux-rocky8-zen/gcc-8.5.0/zstd-1.5.0-ixhjq2kjkwwiubjqtzompy3ovx3xskjy/include --with-zstd-lib=/cm/shared/apps/spack/0.17.3/cpu/b/opt/spack/linux-rocky8-zen/gcc-8.5.0/zstd-1.5.0-ixhjq2kjkwwiubjqtzompy3ovx3xskjy/lib --disable-bootstrap --with-mpfr-include=/cm/shared/apps/spack/0.17.3/cpu/b/opt/spack/linux-rocky8-zen/gcc-8.5.0/mpfr-4.1.0-2gn43ksz5mn4l2ydhukvmf2hc5n6lsu2/include --with-mpfr-lib=/cm/shared/apps/spack/0.17.3/cpu/b/opt/spack/linux-rocky8-zen/gcc-8.5.0/mpfr-4.1.0-2gn43ksz5mn4l2ydhukvmf2hc5n6lsu2/lib --with-gmp-include=/cm/shared/apps/spack/0.17.3/cpu/b/opt/spack/linux-rocky8-zen/gcc-8.5.0/gmp-6.2.1-6d5recuzoijnpzdmyuyatwr32y6e756r/include --with-gmp-lib=/cm/shared/apps/spack/0.17.3/cpu/b/opt/spack/linux-rocky8-zen/gcc-8.5.0/gmp-6.2.1-6d5recuzoijnpzdmyuyatwr32y6e756r/lib --with-mpc-include=/cm/shared/apps/spack/0.17.3/cpu/b/opt/spack/linux-rocky8-zen/gcc-8.5.0/mpc-1.1.0-7brtlqfdvz2iwdzeyd23igqlwz3fq4d5/include --with-mpc-lib=/cm/shared/apps/spack/0.17.3/cpu/b/opt/spack/linux-rocky8-zen/gcc-8.5.0/mpc-1.1.0-7brtlqfdvz2iwdzeyd23igqlwz3fq4d5/lib --without-isl --with-stage1-ldflags='-Wl,-rpath,/cm/shared/apps/spack/0.17.3/cpu/b/opt/spack/linux-rocky8-zen/gcc-8.5.0/gcc-10.2.0-npcyll4gxjhf4tejksmdzlsl3d3usqpd/lib -Wl,-rpath,/cm/shared/apps/spack/0.17.3/cpu/b/opt/spack/linux-rocky8-zen/gcc-8.5.0/gcc-10.2.0-npcyll4gxjhf4tejksmdzlsl3d3usqpd/lib64 -Wl,-rpath,/cm/shared/apps/spack/0.17.3/cpu/b/opt/spack/linux-rocky8-zen/gcc-8.5.0/gmp-6.2.1-6d5recuzoijnpzdmyuyatwr32y6e756r/lib -Wl,-rpath,/cm/shared/apps/spack/0.17.3/cpu/b/opt/spack/linux-rocky8-zen/gcc-8.5.0/mpc-1.1.0-7brtlqfdvz2iwdzeyd23igqlwz3fq4d5/lib -Wl,-rpath,/cm/shared/apps/spack/0.17.3/cpu/b/opt/spack/linux-rocky8-zen/gcc-8.5.0/mpfr-4.1.0-2gn43ksz5mn4l2ydhukvmf2hc5n6lsu2/lib -Wl,-rpath,/cm/shared/apps/spack/0.17.3/cpu/b/opt/spack/linux-rocky8-zen/gcc-8.5.0/zlib-1.2.11-bmchsimapzrndjqxvin7wptdiiwoxdqq/lib -Wl,-rpath,/cm/shared/apps/spack/0.17.3/cpu/b/opt/spack/linux-rocky8-zen/gcc-8.5.0/zstd-1.5.0-ixhjq2kjkwwiubjqtzompy3ovx3xskjy/lib' --with-boot-ldflags='-Wl,-rpath,/cm/shared/apps/spack/0.17.3/cpu/b/opt/spack/linux-rocky8-zen/gcc-8.5.0/gcc-10.2.0-npcyll4gxjhf4tejksmdzlsl3d3usqpd/lib -Wl,-rpath,/cm/shared/apps/spack/0.17.3/cpu/b/opt/spack/linux-rocky8-zen/gcc-8.5.0/gcc-10.2.0-npcyll4gxjhf4tejksmdzlsl3d3usqpd/lib64 -Wl,-rpath,/cm/shared/apps/spack/0.17.3/cpu/b/opt/spack/linux-rocky8-zen/gcc-8.5.0/gmp-6.2.1-6d5recuzoijnpzdmyuyatwr32y6e756r/lib -Wl,-rpath,/cm/shared/apps/spack/0.17.3/cpu/b/opt/spack/linux-rocky8-zen/gcc-8.5.0/mpc-1.1.0-7brtlqfdvz2iwdzeyd23igqlwz3fq4d5/lib -Wl,-rpath,/cm/shared/apps/spack/0.17.3/cpu/b/opt/spack/linux-rocky8-zen/gcc-8.5.0/mpfr-4.1.0-2gn43ksz5mn4l2ydhukvmf2hc5n6lsu2/lib -Wl,-rpath,/cm/shared/apps/spack/0.17.3/cpu/b/opt/spack/linux-rocky8-zen/gcc-8.5.0/zlib-1.2.11-bmchsimapzrndjqxvin7wptdiiwoxdqq/lib -Wl,-rpath,/cm/shared/apps/spack/0.17.3/cpu/b/opt/spack/linux-rocky8-zen/gcc-8.5.0/zstd-1.5.0-ixhjq2kjkwwiubjqtzompy3ovx3xskjy/lib -static-libstdc++ -static-libgcc'
Thread model: posix
Supported LTO compression algorithms: zlib zstd
gcc version 10.2.0 (Spack GCC) 
COMPILER_PATH=/cm/shared/apps/spack/0.17.3/cpu/b/opt/spack/linux-rocky8-zen/gcc-8.5.0/gcc-10.2.0-npcyll4gxjhf4tejksmdzlsl3d3usqpd/libexec/gcc/x86_64-pc-linux-gnu/10.2.0/:/cm/shared/apps/spack/0.17.3/cpu/b/opt/spack/linux-rocky8-zen/gcc-8.5.0/gcc-10.2.0-npcyll4gxjhf4tejksmdzlsl3d3usqpd/libexec/gcc/x86_64-pc-linux-gnu/10.2.0/:/cm/shared/apps/spack/0.17.3/cpu/b/opt/spack/linux-rocky8-zen/gcc-8.5.0/gcc-10.2.0-npcyll4gxjhf4tejksmdzlsl3d3usqpd/libexec/gcc/x86_64-pc-linux-gnu/:/cm/shared/apps/spack/0.17.3/cpu/b/opt/spack/linux-rocky8-zen/gcc-8.5.0/gcc-10.2.0-npcyll4gxjhf4tejksmdzlsl3d3usqpd/lib/gcc/x86_64-pc-linux-gnu/10.2.0/:/cm/shared/apps/spack/0.17.3/cpu/b/opt/spack/linux-rocky8-zen/gcc-8.5.0/gcc-10.2.0-npcyll4gxjhf4tejksmdzlsl3d3usqpd/lib/gcc/x86_64-pc-linux-gnu/
LIBRARY_PATH=/cm/shared/apps/slurm/current/lib64/../lib64/:/cm/shared/apps/spack/0.17.3/cpu/b/opt/spack/linux-rocky8-zen/gcc-8.5.0/gcc-10.2.0-npcyll4gxjhf4tejksmdzlsl3d3usqpd/lib/gcc/x86_64-pc-linux-gnu/10.2.0/:/cm/shared/apps/spack/0.17.3/cpu/b/opt/spack/linux-rocky8-zen/gcc-8.5.0/gcc-10.2.0-npcyll4gxjhf4tejksmdzlsl3d3usqpd/lib/gcc/x86_64-pc-linux-gnu/10.2.0/../../../../lib64/:/lib/../lib64/:/usr/lib/../lib64/:/cm/shared/apps/slurm/current/lib64/slurm/:/cm/shared/apps/slurm/current/lib64/:/cm/shared/apps/spack/0.17.3/cpu/b/opt/spack/linux-rocky8-zen/gcc-8.5.0/gcc-10.2.0-npcyll4gxjhf4tejksmdzlsl3d3usqpd/lib/gcc/x86_64-pc-linux-gnu/10.2.0/../../../:/lib/:/usr/lib/
COLLECT_GCC_OPTIONS='-v' '-rdynamic' '-o' 'cmTC_53c91' '-mtune=generic' '-march=x86-64'
 /cm/shared/apps/spack/0.17.3/cpu/b/opt/spack/linux-rocky8-zen/gcc-8.5.0/gcc-10.2.0-npcyll4gxjhf4tejksmdzlsl3d3usqpd/libexec/gcc/x86_64-pc-linux-gnu/10.2.0/collect2 -plugin /cm/shared/apps/spack/0.17.3/cpu/b/opt/spack/linux-rocky8-zen/gcc-8.5.0/gcc-10.2.0-npcyll4gxjhf4tejksmdzlsl3d3usqpd/libexec/gcc/x86_64-pc-linux-gnu/10.2.0/liblto_plugin.so -plugin-opt=/cm/shared/apps/spack/0.17.3/cpu/b/opt/spack/linux-rocky8-zen/gcc-8.5.0/gcc-10.2.0-npcyll4gxjhf4tejksmdzlsl3d3usqpd/libexec/gcc/x86_64-pc-linux-gnu/10.2.0/lto-wrapper -plugin-opt=-fresolution=/tmp/ccranFX5.res -plugin-opt=-pass-through=-lgcc -plugin-opt=-pass-through=-lgcc_s -plugin-opt=-pass-through=-lc -plugin-opt=-pass-through=-lgcc -plugin-opt=-pass-through=-lgcc_s --eh-frame-hdr -m elf_x86_64 -export-dynamic -dynamic-linker /lib64/ld-linux-x86-64.so.2 -o cmTC_53c91 /lib/../lib64/crt1.o /lib/../lib64/crti.o /cm/shared/apps/spack/0.17.3/cpu/b/opt/spack/linux-rocky8-zen/gcc-8.5.0/gcc-10.2.0-npcyll4gxjhf4tejksmdzlsl3d3usqpd/lib/gcc/x86_64-pc-linux-gnu/10.2.0/crtbegin.o -rpath /cm/shared/apps/spack/0.17.3/cpu/b/opt/spack/linux-rocky8-zen/gcc-8.5.0/gcc-10.2.0-npcyll4gxjhf4tejksmdzlsl3d3usqpd/lib64 -L/cm/shared/apps/slurm/current/lib64/../lib64 -L/cm/shared/apps/spack/0.17.3/cpu/b/opt/spack/linux-rocky8-zen/gcc-8.5.0/gcc-10.2.0-npcyll4gxjhf4tejksmdzlsl3d3usqpd/lib/gcc/x86_64-pc-linux-gnu/10.2.0 -L/cm/shared/apps/spack/0.17.3/cpu/b/opt/spack/linux-rocky8-zen/gcc-8.5.0/gcc-10.2.0-npcyll4gxjhf4tejksmdzlsl3d3usqpd/lib/gcc/x86_64-pc-linux-gnu/10.2.0/../../../../lib64 -L/lib/../lib64 -L/usr/lib/../lib64 -L/cm/shared/apps/slurm/current/lib64/slurm -L/cm/shared/apps/slurm/current/lib64 -L/cm/shared/apps/spack/0.17.3/cpu/b/opt/spack/linux-rocky8-zen/gcc-8.5.0/gcc-10.2.0-npcyll4gxjhf4tejksmdzlsl3d3usqpd/lib/gcc/x86_64-pc-linux-gnu/10.2.0/../../.. CMakeFiles/cmTC_53c91.dir/CMakeCCompilerABI.c.o -lgcc --push-state --as-needed -lgcc_s --pop-state -lc -lgcc --push-state --as-needed -lgcc_s --pop-state /cm/shared/apps/spack/0.17.3/cpu/b/opt/spack/linux-rocky8-zen/gcc-8.5.0/gcc-10.2.0-npcyll4gxjhf4tejksmdzlsl3d3usqpd/lib/gcc/x86_64-pc-linux-gnu/10.2.0/crtend.o /lib/../lib64/crtn.o
COLLECT_GCC_OPTIONS='-v' '-rdynamic' '-o' 'cmTC_53c91' '-mtune=generic' '-march=x86-64'
gmake[1]: Leaving directory '/home/awanyan/liang-group-fss/fss-v0/build/CMakeFiles/CMakeTmp'



Parsed C implicit include dir info from above output: rv=done
  found start of include info
  found start of implicit include info
    add: [/cm/shared/apps/slurm/current/include]
    add: [/cm/shared/apps/spack/0.17.3/cpu/b/opt/spack/linux-rocky8-zen/gcc-8.5.0/gcc-10.2.0-npcyll4gxjhf4tejksmdzlsl3d3usqpd/lib/gcc/x86_64-pc-linux-gnu/10.2.0/include]
    add: [/usr/local/include]
    add: [/cm/shared/apps/spack/0.17.3/cpu/b/opt/spack/linux-rocky8-zen/gcc-8.5.0/gcc-10.2.0-npcyll4gxjhf4tejksmdzlsl3d3usqpd/include]
    add: [/cm/shared/apps/spack/0.17.3/cpu/b/opt/spack/linux-rocky8-zen/gcc-8.5.0/gcc-10.2.0-npcyll4gxjhf4tejksmdzlsl3d3usqpd/lib/gcc/x86_64-pc-linux-gnu/10.2.0/include-fixed]
    add: [/usr/include]
  end of search list found
  collapse include dir [/cm/shared/apps/slurm/current/include] ==> [/cm/shared/apps/slurm/current/include]
  collapse include dir [/cm/shared/apps/spack/0.17.3/cpu/b/opt/spack/linux-rocky8-zen/gcc-8.5.0/gcc-10.2.0-npcyll4gxjhf4tejksmdzlsl3d3usqpd/lib/gcc/x86_64-pc-linux-gnu/10.2.0/include] ==> [/cm/shared/apps/spack/0.17.3/cpu/b/opt/spack/linux-rocky8-zen/gcc-8.5.0/gcc-10.2.0-npcyll4gxjhf4tejksmdzlsl3d3usqpd/lib/gcc/x86_64-pc-linux-gnu/10.2.0/include]
  collapse include dir [/usr/local/include] ==> [/usr/local/include]
  collapse include dir [/cm/shared/apps/spack/0.17.3/cpu/b/opt/spack/linux-rocky8-zen/gcc-8.5.0/gcc-10.2.0-npcyll4gxjhf4tejksmdzlsl3d3usqpd/include] ==> [/cm/shared/apps/spack/0.17.3/cpu/b/opt/spack/linux-rocky8-zen/gcc-8.5.0/gcc-10.2.0-npcyll4gxjhf4tejksmdzlsl3d3usqpd/include]
  collapse include dir [/cm/shared/apps/spack/0.17.3/cpu/b/opt/spack/linux-rocky8-zen/gcc-8.5.0/gcc-10.2.0-npcyll4gxjhf4tejksmdzlsl3d3usqpd/lib/gcc/x86_64-pc-linux-gnu/10.2.0/include-fixed] ==> [/cm/shared/apps/spack/0.17.3/cpu/b/opt/spack/linux-rocky8-zen/gcc-8.5.0/gcc-10.2.0-npcyll4gxjhf4tejksmdzlsl3d3usqpd/lib/gcc/x86_64-pc-linux-gnu/10.2.0/include-fixed]
  collapse include dir [/usr/include] ==> [/usr/include]
  implicit include dirs: [/cm/shared/apps/slurm/current/include;/cm/shared/apps/spack/0.17.3/cpu/b/opt/spack/linux-rocky8-zen/gcc-8.5.0/gcc-10.2.0-npcyll4gxjhf4tejksmdzlsl3d3usqpd/lib/gcc/x86_64-pc-linux-gnu/10.2.0/include;/usr/local/include;/cm/shared/apps/spack/0.17.3/cpu/b/opt/spack/linux-rocky8-zen/gcc-8.5.0/gcc-10.2.0-npcyll4gxjhf4tejksmdzlsl3d3usqpd/include;/cm/shared/apps/spack/0.17.3/cpu/b/opt/spack/linux-rocky8-zen/gcc-8.5.0/gcc-10.2.0-npcyll4gxjhf4tejksmdzlsl3d3usqpd/lib/gcc/x86_64-pc-linux-gnu/10.2.0/include-fixed;/usr/include]


Parsed C implicit link information from above output:
  link line regex: [^( *|.*[/\])(ld|CMAKE_LINK_STARTFILE-NOTFOUND|([^/\]+-)?ld|collect2)[^/\]*( |$)]
  ignore line: [Change Dir: /home/awanyan/liang-group-fss/fss-v0/build/CMakeFiles/CMakeTmp]
  ignore line: []
  ignore line: [Run Build Command(s):/usr/bin/gmake -f Makefile cmTC_53c91/fast && /usr/bin/gmake  -f CMakeFiles/cmTC_53c91.dir/build.make CMakeFiles/cmTC_53c91.dir/build]
  ignore line: [gmake[1]: Entering directory '/home/awanyan/liang-group-fss/fss-v0/build/CMakeFiles/CMakeTmp']
  ignore line: [Building C object CMakeFiles/cmTC_53c91.dir/CMakeCCompilerABI.c.o]
  ignore line: [/cm/shared/apps/spack/0.17.3/cpu/b/opt/spack/linux-rocky8-zen/gcc-8.5.0/gcc-10.2.0-npcyll4gxjhf4tejksmdzlsl3d3usqpd/bin/gcc   -v -o CMakeFiles/cmTC_53c91.dir/CMakeCCompilerABI.c.o -c /cm/shared/apps/spack/0.17.3/cpu/b/opt/spack/linux-rocky8-zen2/gcc-10.2.0/cmake-3.21.4-teqow323nekvjuykogajj7rabwhsuohs/share/cmake-3.21/Modules/CMakeCCompilerABI.c]
  ignore line: [Reading specs from /cm/shared/apps/spack/0.17.3/cpu/b/opt/spack/linux-rocky8-zen/gcc-8.5.0/gcc-10.2.0-npcyll4gxjhf4tejksmdzlsl3d3usqpd/lib/gcc/x86_64-pc-linux-gnu/10.2.0/specs]
  ignore line: [COLLECT_GCC=/cm/shared/apps/spack/0.17.3/cpu/b/opt/spack/linux-rocky8-zen/gcc-8.5.0/gcc-10.2.0-npcyll4gxjhf4tejksmdzlsl3d3usqpd/bin/gcc]
  ignore line: [Target: x86_64-pc-linux-gnu]
  ignore line: [Configured with: /scratch/spack_cpu/job_21694812/spack-stage/spack-stage-gcc-10.2.0-npcyll4gxjhf4tejksmdzlsl3d3usqpd/spack-src/configure --prefix=/cm/shared/apps/spack/0.17.3/cpu/b/opt/spack/linux-rocky8-zen/gcc-8.5.0/gcc-10.2.0-npcyll4gxjhf4tejksmdzlsl3d3usqpd --with-pkgversion='Spack GCC' --with-bugurl=https://github.com/spack/spack/issues --disable-multilib --enable-languages=c c++ fortran --disable-nls --with-system-zlib --with-zstd-include=/cm/shared/apps/spack/0.17.3/cpu/b/opt/spack/linux-rocky8-zen/gcc-8.5.0/zstd-1.5.0-ixhjq2kjkwwiubjqtzompy3ovx3xskjy/include --with-zstd-lib=/cm/shared/apps/spack/0.17.3/cpu/b/opt/spack/linux-rocky8-zen/gcc-8.5.0/zstd-1.5.0-ixhjq2kjkwwiubjqtzompy3ovx3xskjy/lib --disable-bootstrap --with-mpfr-include=/cm/shared/apps/spack/0.17.3/cpu/b/opt/spack/linux-rocky8-zen/gcc-8.5.0/mpfr-4.1.0-2gn43ksz5mn4l2ydhukvmf2hc5n6lsu2/include --with-mpfr-lib=/cm/shared/apps/spack/0.17.3/cpu/b/opt/spack/linux-rocky8-zen/gcc-8.5.0/mpfr-4.1.0-2gn43ksz5mn4l2ydhukvmf2hc5n6lsu2/lib --with-gmp-include=/cm/shared/apps/spack/0.17.3/cpu/b/opt/spack/linux-rocky8-zen/gcc-8.5.0/gmp-6.2.1-6d5recuzoijnpzdmyuyatwr32y6e756r/include --with-gmp-lib=/cm/shared/apps/spack/0.17.3/cpu/b/opt/spack/linux-rocky8-zen/gcc-8.5.0/gmp-6.2.1-6d5recuzoijnpzdmyuyatwr32y6e756r/lib --with-mpc-include=/cm/shared/apps/spack/0.17.3/cpu/b/opt/spack/linux-rocky8-zen/gcc-8.5.0/mpc-1.1.0-7brtlqfdvz2iwdzeyd23igqlwz3fq4d5/include --with-mpc-lib=/cm/shared/apps/spack/0.17.3/cpu/b/opt/spack/linux-rocky8-zen/gcc-8.5.0/mpc-1.1.0-7brtlqfdvz2iwdzeyd23igqlwz3fq4d5/lib --without-isl --with-stage1-ldflags='-Wl -rpath /cm/shared/apps/spack/0.17.3/cpu/b/opt/spack/linux-rocky8-zen/gcc-8.5.0/gcc-10.2.0-npcyll4gxjhf4tejksmdzlsl3d3usqpd/lib -Wl -rpath /cm/shared/apps/spack/0.17.3/cpu/b/opt/spack/linux-rocky8-zen/gcc-8.5.0/gcc-10.2.0-npcyll4gxjhf4tejksmdzlsl3d3usqpd/lib64 -Wl -rpath /cm/shared/apps/spack/0.17.3/cpu/b/opt/spack/linux-rocky8-zen/gcc-8.5.0/gmp-6.2.1-6d5recuzoijnpzdmyuyatwr32y6e756r/lib -Wl -rpath /cm/shared/apps/spack/0.17.3/cpu/b/opt/spack/linux-rocky8-zen/gcc-8.5.0/mpc-1.1.0-7brtlqfdvz2iwdzeyd23igqlwz3fq4d5/lib -Wl -rpath /cm/shared/apps/spack/0.17.3/cpu/b/opt/spack/linux-rocky8-zen/gcc-8.5.0/mpfr-4.1.0-2gn43ksz5mn4l2ydhukvmf2hc5n6lsu2/lib -Wl -rpath /cm/shared/apps/spack/0.17.3/cpu/b/opt/spack/linux-rocky8-zen/gcc-8.5.0/zlib-1.2.11-bmchsimapzrndjqxvin7wptdiiwoxdqq/lib -Wl -rpath /cm/shared/apps/spack/0.17.3/cpu/b/opt/spack/linux-rocky8-zen/gcc-8.5.0/zstd-1.5.0-ixhjq2kjkwwiubjqtzompy3ovx3xskjy/lib' --with-boot-ldflags='-Wl -rpath /cm/shared/apps/spack/0.17.3/cpu/b/opt/spack/linux-rocky8-zen/gcc-8.5.0/gcc-10.2.0-npcyll4gxjhf4tejksmdzlsl3d3usqpd/lib -Wl -rpath /cm/shared/apps/spack/0.17.3/cpu/b/opt/spack/linux-rocky8-zen/gcc-8.5.0/gcc-10.2.0-npcyll4gxjhf4tejksmdzlsl3d3usqpd/lib64 -Wl -rpath /cm/shared/apps/spack/0.17.3/cpu/b/opt/spack/linux-rocky8-zen/gcc-8.5.0/gmp-6.2.1-6d5recuzoijnpzdmyuyatwr32y6e756r/lib -Wl -rpath /cm/shared/apps/spack/0.17.3/cpu/b/opt/spack/linux-rocky8-zen/gcc-8.5.0/mpc-1.1.0-7brtlqfdvz2iwdzeyd23igqlwz3fq4d5/lib -Wl -rpath /cm/shared/apps/spack/0.17.3/cpu/b/opt/spack/linux-rocky8-zen/gcc-8.5.0/mpfr-4.1.0-2gn43ksz5mn4l2ydhukvmf2hc5n6lsu2/lib -Wl -rpath /cm/shared/apps/spack/0.17.3/cpu/b/opt/spack/linux-rocky8-zen/gcc-8.5.0/zlib-1.2.11-bmchsimapzrndjqxvin7wptdiiwoxdqq/lib -Wl -rpath /cm/shared/apps/spack/0.17.3/cpu/b/opt/spack/linux-rocky8-zen/gcc-8.5.0/zstd-1.5.0-ixhjq2kjkwwiubjqtzompy3ovx3xskjy/lib -static-libstdc++ -static-libgcc']
  ignore line: [Thread model: posix]
  ignore line: [Supported LTO compression algorithms: zlib zstd]
  ignore line: [gcc version 10.2.0 (Spack GCC) ]
  ignore line: [COLLECT_GCC_OPTIONS='-v' '-o' 'CMakeFiles/cmTC_53c91.dir/CMakeCCompilerABI.c.o' '-c' '-mtune=generic' '-march=x86-64']
  ignore line: [ /cm/shared/apps/spack/0.17.3/cpu/b/opt/spack/linux-rocky8-zen/gcc-8.5.0/gcc-10.2.0-npcyll4gxjhf4tejksmdzlsl3d3usqpd/libexec/gcc/x86_64-pc-linux-gnu/10.2.0/cc1 -quiet -v /cm/shared/apps/spack/0.17.3/cpu/b/opt/spack/linux-rocky8-zen2/gcc-10.2.0/cmake-3.21.4-teqow323nekvjuykogajj7rabwhsuohs/share/cmake-3.21/Modules/CMakeCCompilerABI.c -quiet -dumpbase CMakeCCompilerABI.c -mtune=generic -march=x86-64 -auxbase-strip CMakeFiles/cmTC_53c91.dir/CMakeCCompilerABI.c.o -version -o /tmp/cc4ZZvRK.s]
  ignore line: [GNU C17 (Spack GCC) version 10.2.0 (x86_64-pc-linux-gnu)]
  ignore line: [	compiled by GNU C version 8.5.0 20210514 (Red Hat 8.5.0-16)  GMP version 6.2.1  MPFR version 4.1.0  MPC version 1.1.0  isl version none]
  ignore line: [GGC heuristics: --param ggc-min-expand=100 --param ggc-min-heapsize=131072]
  ignore line: [ignoring nonexistent directory "/cm/shared/apps/spack/0.17.3/cpu/b/opt/spack/linux-rocky8-zen/gcc-8.5.0/gcc-10.2.0-npcyll4gxjhf4tejksmdzlsl3d3usqpd/lib/gcc/x86_64-pc-linux-gnu/10.2.0/../../../../x86_64-pc-linux-gnu/include"]
  ignore line: [#include "..." search starts here:]
  ignore line: [#include <...> search starts here:]
  ignore line: [ /cm/shared/apps/slurm/current/include]
  ignore line: [ /cm/shared/apps/spack/0.17.3/cpu/b/opt/spack/linux-rocky8-zen/gcc-8.5.0/gcc-10.2.0-npcyll4gxjhf4tejksmdzlsl3d3usqpd/lib/gcc/x86_64-pc-linux-gnu/10.2.0/include]
  ignore line: [ /usr/local/include]
  ignore line: [ /cm/shared/apps/spack/0.17.3/cpu/b/opt/spack/linux-rocky8-zen/gcc-8.5.0/gcc-10.2.0-npcyll4gxjhf4tejksmdzlsl3d3usqpd/include]
  ignore line: [ /cm/shared/apps/spack/0.17.3/cpu/b/opt/spack/linux-rocky8-zen/gcc-8.5.0/gcc-10.2.0-npcyll4gxjhf4tejksmdzlsl3d3usqpd/lib/gcc/x86_64-pc-linux-gnu/10.2.0/include-fixed]
  ignore line: [ /usr/include]
  ignore line: [End of search list.]
  ignore line: [GNU C17 (Spack GCC) version 10.2.0 (x86_64-pc-linux-gnu)]
  ignore line: [	compiled by GNU C version 8.5.0 20210514 (Red Hat 8.5.0-16)  GMP version 6.2.1  MPFR version 4.1.0  MPC version 1.1.0  isl version none]
  ignore line: [GGC heuristics: --param ggc-min-expand=100 --param ggc-min-heapsize=131072]
  ignore line: [Compiler executable checksum: 2598a20a24e8b19d66de5bfa52c359df]
  ignore line: [COLLECT_GCC_OPTIONS='-v' '-o' 'CMakeFiles/cmTC_53c91.dir/CMakeCCompilerABI.c.o' '-c' '-mtune=generic' '-march=x86-64']
  ignore line: [ as -v --64 -o CMakeFiles/cmTC_53c91.dir/CMakeCCompilerABI.c.o /tmp/cc4ZZvRK.s]
  ignore line: [GNU assembler version 2.30 (x86_64-redhat-linux) using BFD version version 2.30-123.el8]
  ignore line: [COMPILER_PATH=/cm/shared/apps/spack/0.17.3/cpu/b/opt/spack/linux-rocky8-zen/gcc-8.5.0/gcc-10.2.0-npcyll4gxjhf4tejksmdzlsl3d3usqpd/libexec/gcc/x86_64-pc-linux-gnu/10.2.0/:/cm/shared/apps/spack/0.17.3/cpu/b/opt/spack/linux-rocky8-zen/gcc-8.5.0/gcc-10.2.0-npcyll4gxjhf4tejksmdzlsl3d3usqpd/libexec/gcc/x86_64-pc-linux-gnu/10.2.0/:/cm/shared/apps/spack/0.17.3/cpu/b/opt/spack/linux-rocky8-zen/gcc-8.5.0/gcc-10.2.0-npcyll4gxjhf4tejksmdzlsl3d3usqpd/libexec/gcc/x86_64-pc-linux-gnu/:/cm/shared/apps/spack/0.17.3/cpu/b/opt/spack/linux-rocky8-zen/gcc-8.5.0/gcc-10.2.0-npcyll4gxjhf4tejksmdzlsl3d3usqpd/lib/gcc/x86_64-pc-linux-gnu/10.2.0/:/cm/shared/apps/spack/0.17.3/cpu/b/opt/spack/linux-rocky8-zen/gcc-8.5.0/gcc-10.2.0-npcyll4gxjhf4tejksmdzlsl3d3usqpd/lib/gcc/x86_64-pc-linux-gnu/]
  ignore line: [LIBRARY_PATH=/cm/shared/apps/slurm/current/lib64/../lib64/:/cm/shared/apps/spack/0.17.3/cpu/b/opt/spack/linux-rocky8-zen/gcc-8.5.0/gcc-10.2.0-npcyll4gxjhf4tejksmdzlsl3d3usqpd/lib/gcc/x86_64-pc-linux-gnu/10.2.0/:/cm/shared/apps/spack/0.17.3/cpu/b/opt/spack/linux-rocky8-zen/gcc-8.5.0/gcc-10.2.0-npcyll4gxjhf4tejksmdzlsl3d3usqpd/lib/gcc/x86_64-pc-linux-gnu/10.2.0/../../../../lib64/:/lib/../lib64/:/usr/lib/../lib64/:/cm/shared/apps/slurm/current/lib64/slurm/:/cm/shared/apps/slurm/current/lib64/:/cm/shared/apps/spack/0.17.3/cpu/b/opt/spack/linux-rocky8-zen/gcc-8.5.0/gcc-10.2.0-npcyll4gxjhf4tejksmdzlsl3d3usqpd/lib/gcc/x86_64-pc-linux-gnu/10.2.0/../../../:/lib/:/usr/lib/]
  ignore line: [COLLECT_GCC_OPTIONS='-v' '-o' 'CMakeFiles/cmTC_53c91.dir/CMakeCCompilerABI.c.o' '-c' '-mtune=generic' '-march=x86-64']
  ignore line: [Linking C executable cmTC_53c91]
  ignore line: [/cm/shared/apps/spack/0.17.3/cpu/b/opt/spack/linux-rocky8-zen2/gcc-10.2.0/cmake-3.21.4-teqow323nekvjuykogajj7rabwhsuohs/bin/cmake -E cmake_link_script CMakeFiles/cmTC_53c91.dir/link.txt --verbose=1]
  ignore line: [/cm/shared/apps/spack/0.17.3/cpu/b/opt/spack/linux-rocky8-zen/gcc-8.5.0/gcc-10.2.0-npcyll4gxjhf4tejksmdzlsl3d3usqpd/bin/gcc  -v -rdynamic CMakeFiles/cmTC_53c91.dir/CMakeCCompilerABI.c.o -o cmTC_53c91 ]
  ignore line: [Reading specs from /cm/shared/apps/spack/0.17.3/cpu/b/opt/spack/linux-rocky8-zen/gcc-8.5.0/gcc-10.2.0-npcyll4gxjhf4tejksmdzlsl3d3usqpd/lib/gcc/x86_64-pc-linux-gnu/10.2.0/specs]
  ignore line: [COLLECT_GCC=/cm/shared/apps/spack/0.17.3/cpu/b/opt/spack/linux-rocky8-zen/gcc-8.5.0/gcc-10.2.0-npcyll4gxjhf4tejksmdzlsl3d3usqpd/bin/gcc]
  ignore line: [COLLECT_LTO_WRAPPER=/cm/shared/apps/spack/0.17.3/cpu/b/opt/spack/linux-rocky8-zen/gcc-8.5.0/gcc-10.2.0-npcyll4gxjhf4tejksmdzlsl3d3usqpd/libexec/gcc/x86_64-pc-linux-gnu/10.2.0/lto-wrapper]
  ignore line: [Target: x86_64-pc-linux-gnu]
  ignore line: [Configured with: /scratch/spack_cpu/job_21694812/spack-stage/spack-stage-gcc-10.2.0-npcyll4gxjhf4tejksmdzlsl3d3usqpd/spack-src/configure --prefix=/cm/shared/apps/spack/0.17.3/cpu/b/opt/spack/linux-rocky8-zen/gcc-8.5.0/gcc-10.2.0-npcyll4gxjhf4tejksmdzlsl3d3usqpd --with-pkgversion='Spack GCC' --with-bugurl=https://github.com/spack/spack/issues --disable-multilib --enable-languages=c c++ fortran --disable-nls --with-system-zlib --with-zstd-include=/cm/shared/apps/spack/0.17.3/cpu/b/opt/spack/linux-rocky8-zen/gcc-8.5.0/zstd-1.5.0-ixhjq2kjkwwiubjqtzompy3ovx3xskjy/include --with-zstd-lib=/cm/shared/apps/spack/0.17.3/cpu/b/opt/spack/linux-rocky8-zen/gcc-8.5.0/zstd-1.5.0-ixhjq2kjkwwiubjqtzompy3ovx3xskjy/lib --disable-bootstrap --with-mpfr-include=/cm/shared/apps/spack/0.17.3/cpu/b/opt/spack/linux-rocky8-zen/gcc-8.5.0/mpfr-4.1.0-2gn43ksz5mn4l2ydhukvmf2hc5n6lsu2/include --with-mpfr-lib=/cm/shared/apps/spack/0.17.3/cpu/b/opt/spack/linux-rocky8-zen/gcc-8.5.0/mpfr-4.1.0-2gn43ksz5mn4l2ydhukvmf2hc5n6lsu2/lib --with-gmp-include=/cm/shared/apps/spack/0.17.3/cpu/b/opt/spack/linux-rocky8-zen/gcc-8.5.0/gmp-6.2.1-6d5recuzoijnpzdmyuyatwr32y6e756r/include --with-gmp-lib=/cm/shared/apps/spack/0.17.3/cpu/b/opt/spack/linux-rocky8-zen/gcc-8.5.0/gmp-6.2.1-6d5recuzoijnpzdmyuyatwr32y6e756r/lib --with-mpc-include=/cm/shared/apps/spack/0.17.3/cpu/b/opt/spack/linux-rocky8-zen/gcc-8.5.0/mpc-1.1.0-7brtlqfdvz2iwdzeyd23igqlwz3fq4d5/include --with-mpc-lib=/cm/shared/apps/spack/0.17.3/cpu/b/opt/spack/linux-rocky8-zen/gcc-8.5.0/mpc-1.1.0-7brtlqfdvz2iwdzeyd23igqlwz3fq4d5/lib --without-isl --with-stage1-ldflags='-Wl -rpath /cm/shared/apps/spack/0.17.3/cpu/b/opt/spack/linux-rocky8-zen/gcc-8.5.0/gcc-10.2.0-npcyll4gxjhf4tejksmdzlsl3d3usqpd/lib -Wl -rpath /cm/shared/apps/spack/0.17.3/cpu/b/opt/spack/linux-rocky8-zen/gcc-8.5.0/gcc-10.2.0-npcyll4gxjhf4tejksmdzlsl3d3usqpd/lib64 -Wl -rpath /cm/shared/apps/spack/0.17.3/cpu/b/opt/spack/linux-rocky8-zen/gcc-8.5.0/gmp-6.2.1-6d5recuzoijnpzdmyuyatwr32y6e756r/lib -Wl -rpath /cm/shared/apps/spack/0.17.3/cpu/b/opt/spack/linux-rocky8-zen/gcc-8.5.0/mpc-1.1.0-7brtlqfdvz2iwdzeyd23igqlwz3fq4d5/lib -Wl -rpath /cm/shared/apps/spack/0.17.3/cpu/b/opt/spack/linux-rocky8-zen/gcc-8.5.0/mpfr-4.1.0-2gn43ksz5mn4l2ydhukvmf2hc5n6lsu2/lib -Wl -rpath /cm/shared/apps/spack/0.17.3/cpu/b/opt/spack/linux-rocky8-zen/gcc-8.5.0/zlib-1.2.11-bmchsimapzrndjqxvin7wptdiiwoxdqq/lib -Wl -rpath /cm/shared/apps/spack/0.17.3/cpu/b/opt/spack/linux-rocky8-zen/gcc-8.5.0/zstd-1.5.0-ixhjq2kjkwwiubjqtzompy3ovx3xskjy/lib' --with-boot-ldflags='-Wl -rpath /cm/shared/apps/spack/0.17.3/cpu/b/opt/spack/linux-rocky8-zen/gcc-8.5.0/gcc-10.2.0-npcyll4gxjhf4tejksmdzlsl3d3usqpd/lib -Wl -rpath /cm/shared/apps/spack/0.17.3/cpu/b/opt/spack/linux-rocky8-zen/gcc-8.5.0/gcc-10.2.0-npcyll4gxjhf4tejksmdzlsl3d3usqpd/lib64 -Wl -rpath /cm/shared/apps/spack/0.17.3/cpu/b/opt/spack/linux-rocky8-zen/gcc-8.5.0/gmp-6.2.1-6d5recuzoijnpzdmyuyatwr32y6e756r/lib -Wl -rpath /cm/shared/apps/spack/0.17.3/cpu/b/opt/spack/linux-rocky8-zen/gcc-8.5.0/mpc-1.1.0-7brtlqfdvz2iwdzeyd23igqlwz3fq4d5/lib -Wl -rpath /cm/shared/apps/spack/0.17.3/cpu/b/opt/spack/linux-rocky8-zen/gcc-8.5.0/mpfr-4.1.0-2gn43ksz5mn4l2ydhukvmf2hc5n6lsu2/lib -Wl -rpath /cm/shared/apps/spack/0.17.3/cpu/b/opt/spack/linux-rocky8-zen/gcc-8.5.0/zlib-1.2.11-bmchsimapzrndjqxvin7wptdiiwoxdqq/lib -Wl -rpath /cm/shared/apps/spack/0.17.3/cpu/b/opt/spack/linux-rocky8-zen/gcc-8.5.0/zstd-1.5.0-ixhjq2kjkwwiubjqtzompy3ovx3xskjy/lib -static-libstdc++ -static-libgcc']
  ignore line: [Thread model: posix]
  ignore line: [Supported LTO compression algorithms: zlib zstd]
  ignore line: [gcc version 10.2.0 (Spack GCC) ]
  ignore line: [COMPILER_PATH=/cm/shared/apps/spack/0.17.3/cpu/b/opt/spack/linux-rocky8-zen/gcc-8.5.0/gcc-10.2.0-npcyll4gxjhf4tejksmdzlsl3d3usqpd/libexec/gcc/x86_64-pc-linux-gnu/10.2.0/:/cm/shared/apps/spack/0.17.3/cpu/b/opt/spack/linux-rocky8-zen/gcc-8.5.0/gcc-10.2.0-npcyll4gxjhf4tejksmdzlsl3d3usqpd/libexec/gcc/x86_64-pc-linux-gnu/10.2.0/:/cm/shared/apps/spack/0.17.3/cpu/b/opt/spack/linux-rocky8-zen/gcc-8.5.0/gcc-10.2.0-npcyll4gxjhf4tejksmdzlsl3d3usqpd/libexec/gcc/x86_64-pc-linux-gnu/:/cm/shared/apps/spack/0.17.3/cpu/b/opt/spack/linux-rocky8-zen/gcc-8.5.0/gcc-10.2.0-npcyll4gxjhf4tejksmdzlsl3d3usqpd/lib/gcc/x86_64-pc-linux-gnu/10.2.0/:/cm/shared/apps/spack/0.17.3/cpu/b/opt/spack/linux-rocky8-zen/gcc-8.5.0/gcc-10.2.0-npcyll4gxjhf4tejksmdzlsl3d3usqpd/lib/gcc/x86_64-pc-linux-gnu/]
  ignore line: [LIBRARY_PATH=/cm/shared/apps/slurm/current/lib64/../lib64/:/cm/shared/apps/spack/0.17.3/cpu/b/opt/spack/linux-rocky8-zen/gcc-8.5.0/gcc-10.2.0-npcyll4gxjhf4tejksmdzlsl3d3usqpd/lib/gcc/x86_64-pc-linux-gnu/10.2.0/:/cm/shared/apps/spack/0.17.3/cpu/b/opt/spack/linux-rocky8-zen/gcc-8.5.0/gcc-10.2.0-npcyll4gxjhf4tejksmdzlsl3d3usqpd/lib/gcc/x86_64-pc-linux-gnu/10.2.0/../../../../lib64/:/lib/../lib64/:/usr/lib/../lib64/:/cm/shared/apps/slurm/current/lib64/slurm/:/cm/shared/apps/slurm/current/lib64/:/cm/shared/apps/spack/0.17.3/cpu/b/opt/spack/linux-rocky8-zen/gcc-8.5.0/gcc-10.2.0-npcyll4gxjhf4tejksmdzlsl3d3usqpd/lib/gcc/x86_64-pc-linux-gnu/10.2.0/../../../:/lib/:/usr/lib/]
  ignore line: [COLLECT_GCC_OPTIONS='-v' '-rdynamic' '-o' 'cmTC_53c91' '-mtune=generic' '-march=x86-64']
  link line: [ /cm/shared/apps/spack/0.17.3/cpu/b/opt/spack/linux-rocky8-zen/gcc-8.5.0/gcc-10.2.0-npcyll4gxjhf4tejksmdzlsl3d3usqpd/libexec/gcc/x86_64-pc-linux-gnu/10.2.0/collect2 -plugin /cm/shared/apps/spack/0.17.3/cpu/b/opt/spack/linux-rocky8-zen/gcc-8.5.0/gcc-10.2.0-npcyll4gxjhf4tejksmdzlsl3d3usqpd/libexec/gcc/x86_64-pc-linux-gnu/10.2.0/liblto_plugin.so -plugin-opt=/cm/shared/apps/spack/0.17.3/cpu/b/opt/spack/linux-rocky8-zen/gcc-8.5.0/gcc-10.2.0-npcyll4gxjhf4tejksmdzlsl3d3usqpd/libexec/gcc/x86_64-pc-linux-gnu/10.2.0/lto-wrapper -plugin-opt=-fresolution=/tmp/ccranFX5.res -plugin-opt=-pass-through=-lgcc -plugin-opt=-pass-through=-lgcc_s -plugin-opt=-pass-through=-lc -plugin-opt=-pass-through=-lgcc -plugin-opt=-pass-through=-lgcc_s --eh-frame-hdr -m elf_x86_64 -export-dynamic -dynamic-linker /lib64/ld-linux-x86-64.so.2 -o cmTC_53c91 /lib/../lib64/crt1.o /lib/../lib64/crti.o /cm/shared/apps/spack/0.17.3/cpu/b/opt/spack/linux-rocky8-zen/gcc-8.5.0/gcc-10.2.0-npcyll4gxjhf4tejksmdzlsl3d3usqpd/lib/gcc/x86_64-pc-linux-gnu/10.2.0/crtbegin.o -rpath /cm/shared/apps/spack/0.17.3/cpu/b/opt/spack/linux-rocky8-zen/gcc-8.5.0/gcc-10.2.0-npcyll4gxjhf4tejksmdzlsl3d3usqpd/lib64 -L/cm/shared/apps/slurm/current/lib64/../lib64 -L/cm/shared/apps/spack/0.17.3/cpu/b/opt/spack/linux-rocky8-zen/gcc-8.5.0/gcc-10.2.0-npcyll4gxjhf4tejksmdzlsl3d3usqpd/lib/gcc/x86_64-pc-linux-gnu/10.2.0 -L/cm/shared/apps/spack/0.17.3/cpu/b/opt/spack/linux-rocky8-zen/gcc-8.5.0/gcc-10.2.0-npcyll4gxjhf4tejksmdzlsl3d3usqpd/lib/gcc/x86_64-pc-linux-gnu/10.2.0/../../../../lib64 -L/lib/../lib64 -L/usr/lib/../lib64 -L/cm/shared/apps/slurm/current/lib64/slurm -L/cm/shared/apps/slurm/current/lib64 -L/cm/shared/apps/spack/0.17.3/cpu/b/opt/spack/linux-rocky8-zen/gcc-8.5.0/gcc-10.2.0-npcyll4gxjhf4tejksmdzlsl3d3usqpd/lib/gcc/x86_64-pc-linux-gnu/10.2.0/../../.. CMakeFiles/cmTC_53c91.dir/CMakeCCompilerABI.c.o -lgcc --push-state --as-needed -lgcc_s --pop-state -lc -lgcc --push-state --as-needed -lgcc_s --pop-state /cm/shared/apps/spack/0.17.3/cpu/b/opt/spack/linux-rocky8-zen/gcc-8.5.0/gcc-10.2.0-npcyll4gxjhf4tejksmdzlsl3d3usqpd/lib/gcc/x86_64-pc-linux-gnu/10.2.0/crtend.o /lib/../lib64/crtn.o]
    arg [/cm/shared/apps/spack/0.17.3/cpu/b/opt/spack/linux-rocky8-zen/gcc-8.5.0/gcc-10.2.0-npcyll4gxjhf4tejksmdzlsl3d3usqpd/libexec/gcc/x86_64-pc-linux-gnu/10.2.0/collect2] ==> ignore
    arg [-plugin] ==> ignore
    arg [/cm/shared/apps/spack/0.17.3/cpu/b/opt/spack/linux-rocky8-zen/gcc-8.5.0/gcc-10.2.0-npcyll4gxjhf4tejksmdzlsl3d3usqpd/libexec/gcc/x86_64-pc-linux-gnu/10.2.0/liblto_plugin.so] ==> ignore
    arg [-plugin-opt=/cm/shared/apps/spack/0.17.3/cpu/b/opt/spack/linux-rocky8-zen/gcc-8.5.0/gcc-10.2.0-npcyll4gxjhf4tejksmdzlsl3d3usqpd/libexec/gcc/x86_64-pc-linux-gnu/10.2.0/lto-wrapper] ==> ignore
    arg [-plugin-opt=-fresolution=/tmp/ccranFX5.res] ==> ignore
    arg [-plugin-opt=-pass-through=-lgcc] ==> ignore
    arg [-plugin-opt=-pass-through=-lgcc_s] ==> ignore
    arg [-plugin-opt=-pass-through=-lc] ==> ignore
    arg [-plugin-opt=-pass-through=-lgcc] ==> ignore
    arg [-plugin-opt=-pass-through=-lgcc_s] ==> ignore
    arg [--eh-frame-hdr] ==> ignore
    arg [-m] ==> ignore
    arg [elf_x86_64] ==> ignore
    arg [-export-dynamic] ==> ignore
    arg [-dynamic-linker] ==> ignore
    arg [/lib64/ld-linux-x86-64.so.2] ==> ignore
    arg [-o] ==> ignore
    arg [cmTC_53c91] ==> ignore
    arg [/lib/../lib64/crt1.o] ==> obj [/lib/../lib64/crt1.o]
    arg [/lib/../lib64/crti.o] ==> obj [/lib/../lib64/crti.o]
    arg [/cm/shared/apps/spack/0.17.3/cpu/b/opt/spack/linux-rocky8-zen/gcc-8.5.0/gcc-10.2.0-npcyll4gxjhf4tejksmdzlsl3d3usqpd/lib/gcc/x86_64-pc-linux-gnu/10.2.0/crtbegin.o] ==> obj [/cm/shared/apps/spack/0.17.3/cpu/b/opt/spack/linux-rocky8-zen/gcc-8.5.0/gcc-10.2.0-npcyll4gxjhf4tejksmdzlsl3d3usqpd/lib/gcc/x86_64-pc-linux-gnu/10.2.0/crtbegin.o]
    arg [-rpath] ==> ignore
    arg [/cm/shared/apps/spack/0.17.3/cpu/b/opt/spack/linux-rocky8-zen/gcc-8.5.0/gcc-10.2.0-npcyll4gxjhf4tejksmdzlsl3d3usqpd/lib64] ==> ignore
    arg [-L/cm/shared/apps/slurm/current/lib64/../lib64] ==> dir [/cm/shared/apps/slurm/current/lib64/../lib64]
    arg [-L/cm/shared/apps/spack/0.17.3/cpu/b/opt/spack/linux-rocky8-zen/gcc-8.5.0/gcc-10.2.0-npcyll4gxjhf4tejksmdzlsl3d3usqpd/lib/gcc/x86_64-pc-linux-gnu/10.2.0] ==> dir [/cm/shared/apps/spack/0.17.3/cpu/b/opt/spack/linux-rocky8-zen/gcc-8.5.0/gcc-10.2.0-npcyll4gxjhf4tejksmdzlsl3d3usqpd/lib/gcc/x86_64-pc-linux-gnu/10.2.0]
    arg [-L/cm/shared/apps/spack/0.17.3/cpu/b/opt/spack/linux-rocky8-zen/gcc-8.5.0/gcc-10.2.0-npcyll4gxjhf4tejksmdzlsl3d3usqpd/lib/gcc/x86_64-pc-linux-gnu/10.2.0/../../../../lib64] ==> dir [/cm/shared/apps/spack/0.17.3/cpu/b/opt/spack/linux-rocky8-zen/gcc-8.5.0/gcc-10.2.0-npcyll4gxjhf4tejksmdzlsl3d3usqpd/lib/gcc/x86_64-pc-linux-gnu/10.2.0/../../../../lib64]
    arg [-L/lib/../lib64] ==> dir [/lib/../lib64]
    arg [-L/usr/lib/../lib64] ==> dir [/usr/lib/../lib64]
    arg [-L/cm/shared/apps/slurm/current/lib64/slurm] ==> dir [/cm/shared/apps/slurm/current/lib64/slurm]
    arg [-L/cm/shared/apps/slurm/current/lib64] ==> dir [/cm/shared/apps/slurm/current/lib64]
    arg [-L/cm/shared/apps/spack/0.17.3/cpu/b/opt/spack/linux-rocky8-zen/gcc-8.5.0/gcc-10.2.0-npcyll4gxjhf4tejksmdzlsl3d3usqpd/lib/gcc/x86_64-pc-linux-gnu/10.2.0/../../..] ==> dir [/cm/shared/apps/spack/0.17.3/cpu/b/opt/spack/linux-rocky8-zen/gcc-8.5.0/gcc-10.2.0-npcyll4gxjhf4tejksmdzlsl3d3usqpd/lib/gcc/x86_64-pc-linux-gnu/10.2.0/../../..]
    arg [CMakeFiles/cmTC_53c91.dir/CMakeCCompilerABI.c.o] ==> ignore
    arg [-lgcc] ==> lib [gcc]
    arg [--push-state] ==> ignore
    arg [--as-needed] ==> ignore
    arg [-lgcc_s] ==> lib [gcc_s]
    arg [--pop-state] ==> ignore
    arg [-lc] ==> lib [c]
    arg [-lgcc] ==> lib [gcc]
    arg [--push-state] ==> ignore
    arg [--as-needed] ==> ignore
    arg [-lgcc_s] ==> lib [gcc_s]
    arg [--pop-state] ==> ignore
    arg [/cm/shared/apps/spack/0.17.3/cpu/b/opt/spack/linux-rocky8-zen/gcc-8.5.0/gcc-10.2.0-npcyll4gxjhf4tejksmdzlsl3d3usqpd/lib/gcc/x86_64-pc-linux-gnu/10.2.0/crtend.o] ==> obj [/cm/shared/apps/spack/0.17.3/cpu/b/opt/spack/linux-rocky8-zen/gcc-8.5.0/gcc-10.2.0-npcyll4gxjhf4tejksmdzlsl3d3usqpd/lib/gcc/x86_64-pc-linux-gnu/10.2.0/crtend.o]
    arg [/lib/../lib64/crtn.o] ==> obj [/lib/../lib64/crtn.o]
  collapse obj [/lib/../lib64/crt1.o] ==> [/lib64/crt1.o]
  collapse obj [/lib/../lib64/crti.o] ==> [/lib64/crti.o]
  collapse obj [/lib/../lib64/crtn.o] ==> [/lib64/crtn.o]
  collapse library dir [/cm/shared/apps/slurm/current/lib64/../lib64] ==> [/cm/shared/apps/slurm/current/lib64]
  collapse library dir [/cm/shared/apps/spack/0.17.3/cpu/b/opt/spack/linux-rocky8-zen/gcc-8.5.0/gcc-10.2.0-npcyll4gxjhf4tejksmdzlsl3d3usqpd/lib/gcc/x86_64-pc-linux-gnu/10.2.0] ==> [/cm/shared/apps/spack/0.17.3/cpu/b/opt/spack/linux-rocky8-zen/gcc-8.5.0/gcc-10.2.0-npcyll4gxjhf4tejksmdzlsl3d3usqpd/lib/gcc/x86_64-pc-linux-gnu/10.2.0]
  collapse library dir [/cm/shared/apps/spack/0.17.3/cpu/b/opt/spack/linux-rocky8-zen/gcc-8.5.0/gcc-10.2.0-npcyll4gxjhf4tejksmdzlsl3d3usqpd/lib/gcc/x86_64-pc-linux-gnu/10.2.0/../../../../lib64] ==> [/cm/shared/apps/spack/0.17.3/cpu/b/opt/spack/linux-rocky8-zen/gcc-8.5.0/gcc-10.2.0-npcyll4gxjhf4tejksmdzlsl3d3usqpd/lib64]
  collapse library dir [/lib/../lib64] ==> [/lib64]
  collapse library dir [/usr/lib/../lib64] ==> [/usr/lib64]
  collapse library dir [/cm/shared/apps/slurm/current/lib64/slurm] ==> [/cm/shared/apps/slurm/current/lib64/slurm]
  collapse library dir [/cm/shared/apps/slurm/current/lib64] ==> [/cm/shared/apps/slurm/current/lib64]
  collapse library dir [/cm/shared/apps/spack/0.17.3/cpu/b/opt/spack/linux-rocky8-zen/gcc-8.5.0/gcc-10.2.0-npcyll4gxjhf4tejksmdzlsl3d3usqpd/lib/gcc/x86_64-pc-linux-gnu/10.2.0/../../..] ==> [/cm/shared/apps/spack/0.17.3/cpu/b/opt/spack/linux-rocky8-zen/gcc-8.5.0/gcc-10.2.0-npcyll4gxjhf4tejksmdzlsl3d3usqpd/lib]
  implicit libs: [gcc;gcc_s;c;gcc;gcc_s]
  implicit objs: [/lib64/crt1.o;/lib64/crti.o;/cm/shared/apps/spack/0.17.3/cpu/b/opt/spack/linux-rocky8-zen/gcc-8.5.0/gcc-10.2.0-npcyll4gxjhf4tejksmdzlsl3d3usqpd/lib/gcc/x86_64-pc-linux-gnu/10.2.0/crtbegin.o;/cm/shared/apps/spack/0.17.3/cpu/b/opt/spack/linux-rocky8-zen/gcc-8.5.0/gcc-10.2.0-npcyll4gxjhf4tejksmdzlsl3d3usqpd/lib/gcc/x86_64-pc-linux-gnu/10.2.0/crtend.o;/lib64/crtn.o]
  implicit dirs: [/cm/shared/apps/slurm/current/lib64;/cm/shared/apps/spack/0.17.3/cpu/b/opt/spack/linux-rocky8-zen/gcc-8.5.0/gcc-10.2.0-npcyll4gxjhf4tejksmdzlsl3d3usqpd/lib/gcc/x86_64-pc-linux-gnu/10.2.0;/cm/shared/apps/spack/0.17.3/cpu/b/opt/spack/linux-rocky8-zen/gcc-8.5.0/gcc-10.2.0-npcyll4gxjhf4tejksmdzlsl3d3usqpd/lib64;/lib64;/usr/lib64;/cm/shared/apps/slurm/current/lib64/slurm;/cm/shared/apps/spack/0.17.3/cpu/b/opt/spack/linux-rocky8-zen/gcc-8.5.0/gcc-10.2.0-npcyll4gxjhf4tejksmdzlsl3d3usqpd/lib]
  implicit fwks: []


Detecting CXX compiler ABI info compiled with the following output:
Change Dir: /home/awanyan/liang-group-fss/fss-v0/build/CMakeFiles/CMakeTmp

Run Build Command(s):/usr/bin/gmake -f Makefile cmTC_0d7fd/fast && /usr/bin/gmake  -f CMakeFiles/cmTC_0d7fd.dir/build.make CMakeFiles/cmTC_0d7fd.dir/build
gmake[1]: Entering directory '/home/awanyan/liang-group-fss/fss-v0/build/CMakeFiles/CMakeTmp'
Building CXX object CMakeFiles/cmTC_0d7fd.dir/CMakeCXXCompilerABI.cpp.o
/cm/shared/apps/spack/0.17.3/cpu/b/opt/spack/linux-rocky8-zen/gcc-8.5.0/gcc-10.2.0-npcyll4gxjhf4tejksmdzlsl3d3usqpd/bin/g++   -v -o CMakeFiles/cmTC_0d7fd.dir/CMakeCXXCompilerABI.cpp.o -c /cm/shared/apps/spack/0.17.3/cpu/b/opt/spack/linux-rocky8-zen2/gcc-10.2.0/cmake-3.21.4-teqow323nekvjuykogajj7rabwhsuohs/share/cmake-3.21/Modules/CMakeCXXCompilerABI.cpp
Reading specs from /cm/shared/apps/spack/0.17.3/cpu/b/opt/spack/linux-rocky8-zen/gcc-8.5.0/gcc-10.2.0-npcyll4gxjhf4tejksmdzlsl3d3usqpd/lib/gcc/x86_64-pc-linux-gnu/10.2.0/specs
COLLECT_GCC=/cm/shared/apps/spack/0.17.3/cpu/b/opt/spack/linux-rocky8-zen/gcc-8.5.0/gcc-10.2.0-npcyll4gxjhf4tejksmdzlsl3d3usqpd/bin/g++
Target: x86_64-pc-linux-gnu
Configured with: /scratch/spack_cpu/job_21694812/spack-stage/spack-stage-gcc-10.2.0-npcyll4gxjhf4tejksmdzlsl3d3usqpd/spack-src/configure --prefix=/cm/shared/apps/spack/0.17.3/cpu/b/opt/spack/linux-rocky8-zen/gcc-8.5.0/gcc-10.2.0-npcyll4gxjhf4tejksmdzlsl3d3usqpd --with-pkgversion='Spack GCC' --with-bugurl=https://github.com/spack/spack/issues --disable-multilib --enable-languages=c,c++,fortran --disable-nls --with-system-zlib --with-zstd-include=/cm/shared/apps/spack/0.17.3/cpu/b/opt/spack/linux-rocky8-zen/gcc-8.5.0/zstd-1.5.0-ixhjq2kjkwwiubjqtzompy3ovx3xskjy/include --with-zstd-lib=/cm/shared/apps/spack/0.17.3/cpu/b/opt/spack/linux-rocky8-zen/gcc-8.5.0/zstd-1.5.0-ixhjq2kjkwwiubjqtzompy3ovx3xskjy/lib --disable-bootstrap --with-mpfr-include=/cm/shared/apps/spack/0.17.3/cpu/b/opt/spack/linux-rocky8-zen/gcc-8.5.0/mpfr-4.1.0-2gn43ksz5mn4l2ydhukvmf2hc5n6lsu2/include --with-mpfr-lib=/cm/shared/apps/spack/0.17.3/cpu/b/opt/spack/linux-rocky8-zen/gcc-8.5.0/mpfr-4.1.0-2gn43ksz5mn4l2ydhukvmf2hc5n6lsu2/lib --with-gmp-include=/cm/shared/apps/spack/0.17.3/cpu/b/opt/spack/linux-rocky8-zen/gcc-8.5.0/gmp-6.2.1-6d5recuzoijnpzdmyuyatwr32y6e756r/include --with-gmp-lib=/cm/shared/apps/spack/0.17.3/cpu/b/opt/spack/linux-rocky8-zen/gcc-8.5.0/gmp-6.2.1-6d5recuzoijnpzdmyuyatwr32y6e756r/lib --with-mpc-include=/cm/shared/apps/spack/0.17.3/cpu/b/opt/spack/linux-rocky8-zen/gcc-8.5.0/mpc-1.1.0-7brtlqfdvz2iwdzeyd23igqlwz3fq4d5/include --with-mpc-lib=/cm/shared/apps/spack/0.17.3/cpu/b/opt/spack/linux-rocky8-zen/gcc-8.5.0/mpc-1.1.0-7brtlqfdvz2iwdzeyd23igqlwz3fq4d5/lib --without-isl --with-stage1-ldflags='-Wl,-rpath,/cm/shared/apps/spack/0.17.3/cpu/b/opt/spack/linux-rocky8-zen/gcc-8.5.0/gcc-10.2.0-npcyll4gxjhf4tejksmdzlsl3d3usqpd/lib -Wl,-rpath,/cm/shared/apps/spack/0.17.3/cpu/b/opt/spack/linux-rocky8-zen/gcc-8.5.0/gcc-10.2.0-npcyll4gxjhf4tejksmdzlsl3d3usqpd/lib64 -Wl,-rpath,/cm/shared/apps/spack/0.17.3/cpu/b/opt/spack/linux-rocky8-zen/gcc-8.5.0/gmp-6.2.1-6d5recuzoijnpzdmyuyatwr32y6e756r/lib -Wl,-rpath,/cm/shared/apps/spack/0.17.3/cpu/b/opt/spack/linux-rocky8-zen/gcc-8.5.0/mpc-1.1.0-7brtlqfdvz2iwdzeyd23igqlwz3fq4d5/lib -Wl,-rpath,/cm/shared/apps/spack/0.17.3/cpu/b/opt/spack/linux-rocky8-zen/gcc-8.5.0/mpfr-4.1.0-2gn43ksz5mn4l2ydhukvmf2hc5n6lsu2/lib -Wl,-rpath,/cm/shared/apps/spack/0.17.3/cpu/b/opt/spack/linux-rocky8-zen/gcc-8.5.0/zlib-1.2.11-bmchsimapzrndjqxvin7wptdiiwoxdqq/lib -Wl,-rpath,/cm/shared/apps/spack/0.17.3/cpu/b/opt/spack/linux-rocky8-zen/gcc-8.5.0/zstd-1.5.0-ixhjq2kjkwwiubjqtzompy3ovx3xskjy/lib' --with-boot-ldflags='-Wl,-rpath,/cm/shared/apps/spack/0.17.3/cpu/b/opt/spack/linux-rocky8-zen/gcc-8.5.0/gcc-10.2.0-npcyll4gxjhf4tejksmdzlsl3d3usqpd/lib -Wl,-rpath,/cm/shared/apps/spack/0.17.3/cpu/b/opt/spack/linux-rocky8-zen/gcc-8.5.0/gcc-10.2.0-npcyll4gxjhf4tejksmdzlsl3d3usqpd/lib64 -Wl,-rpath,/cm/shared/apps/spack/0.17.3/cpu/b/opt/spack/linux-rocky8-zen/gcc-8.5.0/gmp-6.2.1-6d5recuzoijnpzdmyuyatwr32y6e756r/lib -Wl,-rpath,/cm/shared/apps/spack/0.17.3/cpu/b/opt/spack/linux-rocky8-zen/gcc-8.5.0/mpc-1.1.0-7brtlqfdvz2iwdzeyd23igqlwz3fq4d5/lib -Wl,-rpath,/cm/shared/apps/spack/0.17.3/cpu/b/opt/spack/linux-rocky8-zen/gcc-8.5.0/mpfr-4.1.0-2gn43ksz5mn4l2ydhukvmf2hc5n6lsu2/lib -Wl,-rpath,/cm/shared/apps/spack/0.17.3/cpu/b/opt/spack/linux-rocky8-zen/gcc-8.5.0/zlib-1.2.11-bmchsimapzrndjqxvin7wptdiiwoxdqq/lib -Wl,-rpath,/cm/shared/apps/spack/0.17.3/cpu/b/opt/spack/linux-rocky8-zen/gcc-8.5.0/zstd-1.5.0-ixhjq2kjkwwiubjqtzompy3ovx3xskjy/lib -static-libstdc++ -static-libgcc'
Thread model: posix
Supported LTO compression algorithms: zlib zstd
gcc version 10.2.0 (Spack GCC) 
COLLECT_GCC_OPTIONS='-v' '-o' 'CMakeFiles/cmTC_0d7fd.dir/CMakeCXXCompilerABI.cpp.o' '-c' '-shared-libgcc' '-mtune=generic' '-march=x86-64'
 /cm/shared/apps/spack/0.17.3/cpu/b/opt/spack/linux-rocky8-zen/gcc-8.5.0/gcc-10.2.0-npcyll4gxjhf4tejksmdzlsl3d3usqpd/libexec/gcc/x86_64-pc-linux-gnu/10.2.0/cc1plus -quiet -v -D_GNU_SOURCE /cm/shared/apps/spack/0.17.3/cpu/b/opt/spack/linux-rocky8-zen2/gcc-10.2.0/cmake-3.21.4-teqow323nekvjuykogajj7rabwhsuohs/share/cmake-3.21/Modules/CMakeCXXCompilerABI.cpp -quiet -dumpbase CMakeCXXCompilerABI.cpp -mtune=generic -march=x86-64 -auxbase-strip CMakeFiles/cmTC_0d7fd.dir/CMakeCXXCompilerABI.cpp.o -version -o /tmp/cccRbTCo.s
GNU C++14 (Spack GCC) version 10.2.0 (x86_64-pc-linux-gnu)
	compiled by GNU C version 8.5.0 20210514 (Red Hat 8.5.0-16), GMP version 6.2.1, MPFR version 4.1.0, MPC version 1.1.0, isl version none
GGC heuristics: --param ggc-min-expand=100 --param ggc-min-heapsize=131072
ignoring nonexistent directory "/cm/shared/apps/spack/0.17.3/cpu/b/opt/spack/linux-rocky8-zen/gcc-8.5.0/gcc-10.2.0-npcyll4gxjhf4tejksmdzlsl3d3usqpd/lib/gcc/x86_64-pc-linux-gnu/10.2.0/../../../../x86_64-pc-linux-gnu/include"
#include "..." search starts here:
#include <...> search starts here:
 /cm/shared/apps/slurm/current/include
 /cm/shared/apps/spack/0.17.3/cpu/b/opt/spack/linux-rocky8-zen/gcc-8.5.0/gcc-10.2.0-npcyll4gxjhf4tejksmdzlsl3d3usqpd/lib/gcc/x86_64-pc-linux-gnu/10.2.0/../../../../include/c++/10.2.0
 /cm/shared/apps/spack/0.17.3/cpu/b/opt/spack/linux-rocky8-zen/gcc-8.5.0/gcc-10.2.0-npcyll4gxjhf4tejksmdzlsl3d3usqpd/lib/gcc/x86_64-pc-linux-gnu/10.2.0/../../../../include/c++/10.2.0/x86_64-pc-linux-gnu
 /cm/shared/apps/spack/0.17.3/cpu/b/opt/spack/linux-rocky8-zen/gcc-8.5.0/gcc-10.2.0-npcyll4gxjhf4tejksmdzlsl3d3usqpd/lib/gcc/x86_64-pc-linux-gnu/10.2.0/../../../../include/c++/10.2.0/backward
 /cm/shared/apps/spack/0.17.3/cpu/b/opt/spack/linux-rocky8-zen/gcc-8.5.0/gcc-10.2.0-npcyll4gxjhf4tejksmdzlsl3d3usqpd/lib/gcc/x86_64-pc-linux-gnu/10.2.0/include
 /usr/local/include
 /cm/shared/apps/spack/0.17.3/cpu/b/opt/spack/linux-rocky8-zen/gcc-8.5.0/gcc-10.2.0-npcyll4gxjhf4tejksmdzlsl3d3usqpd/include
 /cm/shared/apps/spack/0.17.3/cpu/b/opt/spack/linux-rocky8-zen/gcc-8.5.0/gcc-10.2.0-npcyll4gxjhf4tejksmdzlsl3d3usqpd/lib/gcc/x86_64-pc-linux-gnu/10.2.0/include-fixed
 /usr/include
End of search list.
GNU C++14 (Spack GCC) version 10.2.0 (x86_64-pc-linux-gnu)
	compiled by GNU C version 8.5.0 20210514 (Red Hat 8.5.0-16), GMP version 6.2.1, MPFR version 4.1.0, MPC version 1.1.0, isl version none
GGC heuristics: --param ggc-min-expand=100 --param ggc-min-heapsize=131072
Compiler executable checksum: 778a628ce8696d1004b3c7d371e1dccc
COLLECT_GCC_OPTIONS='-v' '-o' 'CMakeFiles/cmTC_0d7fd.dir/CMakeCXXCompilerABI.cpp.o' '-c' '-shared-libgcc' '-mtune=generic' '-march=x86-64'
 as -v --64 -o CMakeFiles/cmTC_0d7fd.dir/CMakeCXXCompilerABI.cpp.o /tmp/cccRbTCo.s
GNU assembler version 2.30 (x86_64-redhat-linux) using BFD version version 2.30-123.el8
COMPILER_PATH=/cm/shared/apps/spack/0.17.3/cpu/b/opt/spack/linux-rocky8-zen/gcc-8.5.0/gcc-10.2.0-npcyll4gxjhf4tejksmdzlsl3d3usqpd/libexec/gcc/x86_64-pc-linux-gnu/10.2.0/:/cm/shared/apps/spack/0.17.3/cpu/b/opt/spack/linux-rocky8-zen/gcc-8.5.0/gcc-10.2.0-npcyll4gxjhf4tejksmdzlsl3d3usqpd/libexec/gcc/x86_64-pc-linux-gnu/10.2.0/:/cm/shared/apps/spack/0.17.3/cpu/b/opt/spack/linux-rocky8-zen/gcc-8.5.0/gcc-10.2.0-npcyll4gxjhf4tejksmdzlsl3d3usqpd/libexec/gcc/x86_64-pc-linux-gnu/:/cm/shared/apps/spack/0.17.3/cpu/b/opt/spack/linux-rocky8-zen/gcc-8.5.0/gcc-10.2.0-npcyll4gxjhf4tejksmdzlsl3d3usqpd/lib/gcc/x86_64-pc-linux-gnu/10.2.0/:/cm/shared/apps/spack/0.17.3/cpu/b/opt/spack/linux-rocky8-zen/gcc-8.5.0/gcc-10.2.0-npcyll4gxjhf4tejksmdzlsl3d3usqpd/lib/gcc/x86_64-pc-linux-gnu/
LIBRARY_PATH=/cm/shared/apps/slurm/current/lib64/../lib64/:/cm/shared/apps/spack/0.17.3/cpu/b/opt/spack/linux-rocky8-zen/gcc-8.5.0/gcc-10.2.0-npcyll4gxjhf4tejksmdzlsl3d3usqpd/lib/gcc/x86_64-pc-linux-gnu/10.2.0/:/cm/shared/apps/spack/0.17.3/cpu/b/opt/spack/linux-rocky8-zen/gcc-8.5.0/gcc-10.2.0-npcyll4gxjhf4tejksmdzlsl3d3usqpd/lib/gcc/x86_64-pc-linux-gnu/10.2.0/../../../../lib64/:/lib/../lib64/:/usr/lib/../lib64/:/cm/shared/apps/slurm/current/lib64/slurm/:/cm/shared/apps/slurm/current/lib64/:/cm/shared/apps/spack/0.17.3/cpu/b/opt/spack/linux-rocky8-zen/gcc-8.5.0/gcc-10.2.0-npcyll4gxjhf4tejksmdzlsl3d3usqpd/lib/gcc/x86_64-pc-linux-gnu/10.2.0/../../../:/lib/:/usr/lib/
COLLECT_GCC_OPTIONS='-v' '-o' 'CMakeFiles/cmTC_0d7fd.dir/CMakeCXXCompilerABI.cpp.o' '-c' '-shared-libgcc' '-mtune=generic' '-march=x86-64'
Linking CXX executable cmTC_0d7fd
/cm/shared/apps/spack/0.17.3/cpu/b/opt/spack/linux-rocky8-zen2/gcc-10.2.0/cmake-3.21.4-teqow323nekvjuykogajj7rabwhsuohs/bin/cmake -E cmake_link_script CMakeFiles/cmTC_0d7fd.dir/link.txt --verbose=1
/cm/shared/apps/spack/0.17.3/cpu/b/opt/spack/linux-rocky8-zen/gcc-8.5.0/gcc-10.2.0-npcyll4gxjhf4tejksmdzlsl3d3usqpd/bin/g++  -v -rdynamic CMakeFiles/cmTC_0d7fd.dir/CMakeCXXCompilerABI.cpp.o -o cmTC_0d7fd 
Reading specs from /cm/shared/apps/spack/0.17.3/cpu/b/opt/spack/linux-rocky8-zen/gcc-8.5.0/gcc-10.2.0-npcyll4gxjhf4tejksmdzlsl3d3usqpd/lib/gcc/x86_64-pc-linux-gnu/10.2.0/specs
COLLECT_GCC=/cm/shared/apps/spack/0.17.3/cpu/b/opt/spack/linux-rocky8-zen/gcc-8.5.0/gcc-10.2.0-npcyll4gxjhf4tejksmdzlsl3d3usqpd/bin/g++
COLLECT_LTO_WRAPPER=/cm/shared/apps/spack/0.17.3/cpu/b/opt/spack/linux-rocky8-zen/gcc-8.5.0/gcc-10.2.0-npcyll4gxjhf4tejksmdzlsl3d3usqpd/libexec/gcc/x86_64-pc-linux-gnu/10.2.0/lto-wrapper
Target: x86_64-pc-linux-gnu
Configured with: /scratch/spack_cpu/job_21694812/spack-stage/spack-stage-gcc-10.2.0-npcyll4gxjhf4tejksmdzlsl3d3usqpd/spack-src/configure --prefix=/cm/shared/apps/spack/0.17.3/cpu/b/opt/spack/linux-rocky8-zen/gcc-8.5.0/gcc-10.2.0-npcyll4gxjhf4tejksmdzlsl3d3usqpd --with-pkgversion='Spack GCC' --with-bugurl=https://github.com/spack/spack/issues --disable-multilib --enable-languages=c,c++,fortran --disable-nls --with-system-zlib --with-zstd-include=/cm/shared/apps/spack/0.17.3/cpu/b/opt/spack/linux-rocky8-zen/gcc-8.5.0/zstd-1.5.0-ixhjq2kjkwwiubjqtzompy3ovx3xskjy/include --with-zstd-lib=/cm/shared/apps/spack/0.17.3/cpu/b/opt/spack/linux-rocky8-zen/gcc-8.5.0/zstd-1.5.0-ixhjq2kjkwwiubjqtzompy3ovx3xskjy/lib --disable-bootstrap --with-mpfr-include=/cm/shared/apps/spack/0.17.3/cpu/b/opt/spack/linux-rocky8-zen/gcc-8.5.0/mpfr-4.1.0-2gn43ksz5mn4l2ydhukvmf2hc5n6lsu2/include --with-mpfr-lib=/cm/shared/apps/spack/0.17.3/cpu/b/opt/spack/linux-rocky8-zen/gcc-8.5.0/mpfr-4.1.0-2gn43ksz5mn4l2ydhukvmf2hc5n6lsu2/lib --with-gmp-include=/cm/shared/apps/spack/0.17.3/cpu/b/opt/spack/linux-rocky8-zen/gcc-8.5.0/gmp-6.2.1-6d5recuzoijnpzdmyuyatwr32y6e756r/include --with-gmp-lib=/cm/shared/apps/spack/0.17.3/cpu/b/opt/spack/linux-rocky8-zen/gcc-8.5.0/gmp-6.2.1-6d5recuzoijnpzdmyuyatwr32y6e756r/lib --with-mpc-include=/cm/shared/apps/spack/0.17.3/cpu/b/opt/spack/linux-rocky8-zen/gcc-8.5.0/mpc-1.1.0-7brtlqfdvz2iwdzeyd23igqlwz3fq4d5/include --with-mpc-lib=/cm/shared/apps/spack/0.17.3/cpu/b/opt/spack/linux-rocky8-zen/gcc-8.5.0/mpc-1.1.0-7brtlqfdvz2iwdzeyd23igqlwz3fq4d5/lib --without-isl --with-stage1-ldflags='-Wl,-rpath,/cm/shared/apps/spack/0.17.3/cpu/b/opt/spack/linux-rocky8-zen/gcc-8.5.0/gcc-10.2.0-npcyll4gxjhf4tejksmdzlsl3d3usqpd/lib -Wl,-rpath,/cm/shared/apps/spack/0.17.3/cpu/b/opt/spack/linux-rocky8-zen/gcc-8.5.0/gcc-10.2.0-npcyll4gxjhf4tejksmdzlsl3d3usqpd/lib64 -Wl,-rpath,/cm/shared/apps/spack/0.17.3/cpu/b/opt/spack/linux-rocky8-zen/gcc-8.5.0/gmp-6.2.1-6d5recuzoijnpzdmyuyatwr32y6e756r/lib -Wl,-rpath,/cm/shared/apps/spack/0.17.3/cpu/b/opt/spack/linux-rocky8-zen/gcc-8.5.0/mpc-1.1.0-7brtlqfdvz2iwdzeyd23igqlwz3fq4d5/lib -Wl,-rpath,/cm/shared/apps/spack/0.17.3/cpu/b/opt/spack/linux-rocky8-zen/gcc-8.5.0/mpfr-4.1.0-2gn43ksz5mn4l2ydhukvmf2hc5n6lsu2/lib -Wl,-rpath,/cm/shared/apps/spack/0.17.3/cpu/b/opt/spack/linux-rocky8-zen/gcc-8.5.0/zlib-1.2.11-bmchsimapzrndjqxvin7wptdiiwoxdqq/lib -Wl,-rpath,/cm/shared/apps/spack/0.17.3/cpu/b/opt/spack/linux-rocky8-zen/gcc-8.5.0/zstd-1.5.0-ixhjq2kjkwwiubjqtzompy3ovx3xskjy/lib' --with-boot-ldflags='-Wl,-rpath,/cm/shared/apps/spack/0.17.3/cpu/b/opt/spack/linux-rocky8-zen/gcc-8.5.0/gcc-10.2.0-npcyll4gxjhf4tejksmdzlsl3d3usqpd/lib -Wl,-rpath,/cm/shared/apps/spack/0.17.3/cpu/b/opt/spack/linux-rocky8-zen/gcc-8.5.0/gcc-10.2.0-npcyll4gxjhf4tejksmdzlsl3d3usqpd/lib64 -Wl,-rpath,/cm/shared/apps/spack/0.17.3/cpu/b/opt/spack/linux-rocky8-zen/gcc-8.5.0/gmp-6.2.1-6d5recuzoijnpzdmyuyatwr32y6e756r/lib -Wl,-rpath,/cm/shared/apps/spack/0.17.3/cpu/b/opt/spack/linux-rocky8-zen/gcc-8.5.0/mpc-1.1.0-7brtlqfdvz2iwdzeyd23igqlwz3fq4d5/lib -Wl,-rpath,/cm/shared/apps/spack/0.17.3/cpu/b/opt/spack/linux-rocky8-zen/gcc-8.5.0/mpfr-4.1.0-2gn43ksz5mn4l2ydhukvmf2hc5n6lsu2/lib -Wl,-rpath,/cm/shared/apps/spack/0.17.3/cpu/b/opt/spack/linux-rocky8-zen/gcc-8.5.0/zlib-1.2.11-bmchsimapzrndjqxvin7wptdiiwoxdqq/lib -Wl,-rpath,/cm/shared/apps/spack/0.17.3/cpu/b/opt/spack/linux-rocky8-zen/gcc-8.5.0/zstd-1.5.0-ixhjq2kjkwwiubjqtzompy3ovx3xskjy/lib -static-libstdc++ -static-libgcc'
Thread model: posix
Supported LTO compression algorithms: zlib zstd
gcc version 10.2.0 (Spack GCC) 
COMPILER_PATH=/cm/shared/apps/spack/0.17.3/cpu/b/opt/spack/linux-rocky8-zen/gcc-8.5.0/gcc-10.2.0-npcyll4gxjhf4tejksmdzlsl3d3usqpd/libexec/gcc/x86_64-pc-linux-gnu/10.2.0/:/cm/shared/apps/spack/0.17.3/cpu/b/opt/spack/linux-rocky8-zen/gcc-8.5.0/gcc-10.2.0-npcyll4gxjhf4tejksmdzlsl3d3usqpd/libexec/gcc/x86_64-pc-linux-gnu/10.2.0/:/cm/shared/apps/spack/0.17.3/cpu/b/opt/spack/linux-rocky8-zen/gcc-8.5.0/gcc-10.2.0-npcyll4gxjhf4tejksmdzlsl3d3usqpd/libexec/gcc/x86_64-pc-linux-gnu/:/cm/shared/apps/spack/0.17.3/cpu/b/opt/spack/linux-rocky8-zen/gcc-8.5.0/gcc-10.2.0-npcyll4gxjhf4tejksmdzlsl3d3usqpd/lib/gcc/x86_64-pc-linux-gnu/10.2.0/:/cm/shared/apps/spack/0.17.3/cpu/b/opt/spack/linux-rocky8-zen/gcc-8.5.0/gcc-10.2.0-npcyll4gxjhf4tejksmdzlsl3d3usqpd/lib/gcc/x86_64-pc-linux-gnu/
LIBRARY_PATH=/cm/shared/apps/slurm/current/lib64/../lib64/:/cm/shared/apps/spack/0.17.3/cpu/b/opt/spack/linux-rocky8-zen/gcc-8.5.0/gcc-10.2.0-npcyll4gxjhf4tejksmdzlsl3d3usqpd/lib/gcc/x86_64-pc-linux-gnu/10.2.0/:/cm/shared/apps/spack/0.17.3/cpu/b/opt/spack/linux-rocky8-zen/gcc-8.5.0/gcc-10.2.0-npcyll4gxjhf4tejksmdzlsl3d3usqpd/lib/gcc/x86_64-pc-linux-gnu/10.2.0/../../../../lib64/:/lib/../lib64/:/usr/lib/../lib64/:/cm/shared/apps/slurm/current/lib64/slurm/:/cm/shared/apps/slurm/current/lib64/:/cm/shared/apps/spack/0.17.3/cpu/b/opt/spack/linux-rocky8-zen/gcc-8.5.0/gcc-10.2.0-npcyll4gxjhf4tejksmdzlsl3d3usqpd/lib/gcc/x86_64-pc-linux-gnu/10.2.0/../../../:/lib/:/usr/lib/
COLLECT_GCC_OPTIONS='-v' '-rdynamic' '-o' 'cmTC_0d7fd' '-shared-libgcc' '-mtune=generic' '-march=x86-64'
 /cm/shared/apps/spack/0.17.3/cpu/b/opt/spack/linux-rocky8-zen/gcc-8.5.0/gcc-10.2.0-npcyll4gxjhf4tejksmdzlsl3d3usqpd/libexec/gcc/x86_64-pc-linux-gnu/10.2.0/collect2 -plugin /cm/shared/apps/spack/0.17.3/cpu/b/opt/spack/linux-rocky8-zen/gcc-8.5.0/gcc-10.2.0-npcyll4gxjhf4tejksmdzlsl3d3usqpd/libexec/gcc/x86_64-pc-linux-gnu/10.2.0/liblto_plugin.so -plugin-opt=/cm/shared/apps/spack/0.17.3/cpu/b/opt/spack/linux-rocky8-zen/gcc-8.5.0/gcc-10.2.0-npcyll4gxjhf4tejksmdzlsl3d3usqpd/libexec/gcc/x86_64-pc-linux-gnu/10.2.0/lto-wrapper -plugin-opt=-fresolution=/tmp/ccwU7NTq.res -plugin-opt=-pass-through=-lgcc_s -plugin-opt=-pass-through=-lgcc -plugin-opt=-pass-through=-lc -plugin-opt=-pass-through=-lgcc_s -plugin-opt=-pass-through=-lgcc --eh-frame-hdr -m elf_x86_64 -export-dynamic -dynamic-linker /lib64/ld-linux-x86-64.so.2 -o cmTC_0d7fd /lib/../lib64/crt1.o /lib/../lib64/crti.o /cm/shared/apps/spack/0.17.3/cpu/b/opt/spack/linux-rocky8-zen/gcc-8.5.0/gcc-10.2.0-npcyll4gxjhf4tejksmdzlsl3d3usqpd/lib/gcc/x86_64-pc-linux-gnu/10.2.0/crtbegin.o -rpath /cm/shared/apps/spack/0.17.3/cpu/b/opt/spack/linux-rocky8-zen/gcc-8.5.0/gcc-10.2.0-npcyll4gxjhf4tejksmdzlsl3d3usqpd/lib64 -L/cm/shared/apps/slurm/current/lib64/../lib64 -L/cm/shared/apps/spack/0.17.3/cpu/b/opt/spack/linux-rocky8-zen/gcc-8.5.0/gcc-10.2.0-npcyll4gxjhf4tejksmdzlsl3d3usqpd/lib/gcc/x86_64-pc-linux-gnu/10.2.0 -L/cm/shared/apps/spack/0.17.3/cpu/b/opt/spack/linux-rocky8-zen/gcc-8.5.0/gcc-10.2.0-npcyll4gxjhf4tejksmdzlsl3d3usqpd/lib/gcc/x86_64-pc-linux-gnu/10.2.0/../../../../lib64 -L/lib/../lib64 -L/usr/lib/../lib64 -L/cm/shared/apps/slurm/current/lib64/slurm -L/cm/shared/apps/slurm/current/lib64 -L/cm/shared/apps/spack/0.17.3/cpu/b/opt/spack/linux-rocky8-zen/gcc-8.5.0/gcc-10.2.0-npcyll4gxjhf4tejksmdzlsl3d3usqpd/lib/gcc/x86_64-pc-linux-gnu/10.2.0/../../.. CMakeFiles/cmTC_0d7fd.dir/CMakeCXXCompilerABI.cpp.o -lstdc++ -lm -lgcc_s -lgcc -lc -lgcc_s -lgcc /cm/shared/apps/spack/0.17.3/cpu/b/opt/spack/linux-rocky8-zen/gcc-8.5.0/gcc-10.2.0-npcyll4gxjhf4tejksmdzlsl3d3usqpd/lib/gcc/x86_64-pc-linux-gnu/10.2.0/crtend.o /lib/../lib64/crtn.o
COLLECT_GCC_OPTIONS='-v' '-rdynamic' '-o' 'cmTC_0d7fd' '-shared-libgcc' '-mtune=generic' '-march=x86-64'
gmake[1]: Leaving directory '/home/awanyan/liang-group-fss/fss-v0/build/CMakeFiles/CMakeTmp'



Parsed CXX implicit include dir info from above output: rv=done
  found start of include info
  found start of implicit include info
    add: [/cm/shared/apps/slurm/current/include]
    add: [/cm/shared/apps/spack/0.17.3/cpu/b/opt/spack/linux-rocky8-zen/gcc-8.5.0/gcc-10.2.0-npcyll4gxjhf4tejksmdzlsl3d3usqpd/lib/gcc/x86_64-pc-linux-gnu/10.2.0/../../../../include/c++/10.2.0]
    add: [/cm/shared/apps/spack/0.17.3/cpu/b/opt/spack/linux-rocky8-zen/gcc-8.5.0/gcc-10.2.0-npcyll4gxjhf4tejksmdzlsl3d3usqpd/lib/gcc/x86_64-pc-linux-gnu/10.2.0/../../../../include/c++/10.2.0/x86_64-pc-linux-gnu]
    add: [/cm/shared/apps/spack/0.17.3/cpu/b/opt/spack/linux-rocky8-zen/gcc-8.5.0/gcc-10.2.0-npcyll4gxjhf4tejksmdzlsl3d3usqpd/lib/gcc/x86_64-pc-linux-gnu/10.2.0/../../../../include/c++/10.2.0/backward]
    add: [/cm/shared/apps/spack/0.17.3/cpu/b/opt/spack/linux-rocky8-zen/gcc-8.5.0/gcc-10.2.0-npcyll4gxjhf4tejksmdzlsl3d3usqpd/lib/gcc/x86_64-pc-linux-gnu/10.2.0/include]
    add: [/usr/local/include]
    add: [/cm/shared/apps/spack/0.17.3/cpu/b/opt/spack/linux-rocky8-zen/gcc-8.5.0/gcc-10.2.0-npcyll4gxjhf4tejksmdzlsl3d3usqpd/include]
    add: [/cm/shared/apps/spack/0.17.3/cpu/b/opt/spack/linux-rocky8-zen/gcc-8.5.0/gcc-10.2.0-npcyll4gxjhf4tejksmdzlsl3d3usqpd/lib/gcc/x86_64-pc-linux-gnu/10.2.0/include-fixed]
    add: [/usr/include]
  end of search list found
  collapse include dir [/cm/shared/apps/slurm/current/include] ==> [/cm/shared/apps/slurm/current/include]
  collapse include dir [/cm/shared/apps/spack/0.17.3/cpu/b/opt/spack/linux-rocky8-zen/gcc-8.5.0/gcc-10.2.0-npcyll4gxjhf4tejksmdzlsl3d3usqpd/lib/gcc/x86_64-pc-linux-gnu/10.2.0/../../../../include/c++/10.2.0] ==> [/cm/shared/apps/spack/0.17.3/cpu/b/opt/spack/linux-rocky8-zen/gcc-8.5.0/gcc-10.2.0-npcyll4gxjhf4tejksmdzlsl3d3usqpd/include/c++/10.2.0]
  collapse include dir [/cm/shared/apps/spack/0.17.3/cpu/b/opt/spack/linux-rocky8-zen/gcc-8.5.0/gcc-10.2.0-npcyll4gxjhf4tejksmdzlsl3d3usqpd/lib/gcc/x86_64-pc-linux-gnu/10.2.0/../../../../include/c++/10.2.0/x86_64-pc-linux-gnu] ==> [/cm/shared/apps/spack/0.17.3/cpu/b/opt/spack/linux-rocky8-zen/gcc-8.5.0/gcc-10.2.0-npcyll4gxjhf4tejksmdzlsl3d3usqpd/include/c++/10.2.0/x86_64-pc-linux-gnu]
  collapse include dir [/cm/shared/apps/spack/0.17.3/cpu/b/opt/spack/linux-rocky8-zen/gcc-8.5.0/gcc-10.2.0-npcyll4gxjhf4tejksmdzlsl3d3usqpd/lib/gcc/x86_64-pc-linux-gnu/10.2.0/../../../../include/c++/10.2.0/backward] ==> [/cm/shared/apps/spack/0.17.3/cpu/b/opt/spack/linux-rocky8-zen/gcc-8.5.0/gcc-10.2.0-npcyll4gxjhf4tejksmdzlsl3d3usqpd/include/c++/10.2.0/backward]
  collapse include dir [/cm/shared/apps/spack/0.17.3/cpu/b/opt/spack/linux-rocky8-zen/gcc-8.5.0/gcc-10.2.0-npcyll4gxjhf4tejksmdzlsl3d3usqpd/lib/gcc/x86_64-pc-linux-gnu/10.2.0/include] ==> [/cm/shared/apps/spack/0.17.3/cpu/b/opt/spack/linux-rocky8-zen/gcc-8.5.0/gcc-10.2.0-npcyll4gxjhf4tejksmdzlsl3d3usqpd/lib/gcc/x86_64-pc-linux-gnu/10.2.0/include]
  collapse include dir [/usr/local/include] ==> [/usr/local/include]
  collapse include dir [/cm/shared/apps/spack/0.17.3/cpu/b/opt/spack/linux-rocky8-zen/gcc-8.5.0/gcc-10.2.0-npcyll4gxjhf4tejksmdzlsl3d3usqpd/include] ==> [/cm/shared/apps/spack/0.17.3/cpu/b/opt/spack/linux-rocky8-zen/gcc-8.5.0/gcc-10.2.0-npcyll4gxjhf4tejksmdzlsl3d3usqpd/include]
  collapse include dir [/cm/shared/apps/spack/0.17.3/cpu/b/opt/spack/linux-rocky8-zen/gcc-8.5.0/gcc-10.2.0-npcyll4gxjhf4tejksmdzlsl3d3usqpd/lib/gcc/x86_64-pc-linux-gnu/10.2.0/include-fixed] ==> [/cm/shared/apps/spack/0.17.3/cpu/b/opt/spack/linux-rocky8-zen/gcc-8.5.0/gcc-10.2.0-npcyll4gxjhf4tejksmdzlsl3d3usqpd/lib/gcc/x86_64-pc-linux-gnu/10.2.0/include-fixed]
  collapse include dir [/usr/include] ==> [/usr/include]
  implicit include dirs: [/cm/shared/apps/slurm/current/include;/cm/shared/apps/spack/0.17.3/cpu/b/opt/spack/linux-rocky8-zen/gcc-8.5.0/gcc-10.2.0-npcyll4gxjhf4tejksmdzlsl3d3usqpd/include/c++/10.2.0;/cm/shared/apps/spack/0.17.3/cpu/b/opt/spack/linux-rocky8-zen/gcc-8.5.0/gcc-10.2.0-npcyll4gxjhf4tejksmdzlsl3d3usqpd/include/c++/10.2.0/x86_64-pc-linux-gnu;/cm/shared/apps/spack/0.17.3/cpu/b/opt/spack/linux-rocky8-zen/gcc-8.5.0/gcc-10.2.0-npcyll4gxjhf4tejksmdzlsl3d3usqpd/include/c++/10.2.0/backward;/cm/shared/apps/spack/0.17.3/cpu/b/opt/spack/linux-rocky8-zen/gcc-8.5.0/gcc-10.2.0-npcyll4gxjhf4tejksmdzlsl3d3usqpd/lib/gcc/x86_64-pc-linux-gnu/10.2.0/include;/usr/local/include;/cm/shared/apps/spack/0.17.3/cpu/b/opt/spack/linux-rocky8-zen/gcc-8.5.0/gcc-10.2.0-npcyll4gxjhf4tejksmdzlsl3d3usqpd/include;/cm/shared/apps/spack/0.17.3/cpu/b/opt/spack/linux-rocky8-zen/gcc-8.5.0/gcc-10.2.0-npcyll4gxjhf4tejksmdzlsl3d3usqpd/lib/gcc/x86_64-pc-linux-gnu/10.2.0/include-fixed;/usr/include]


Parsed CXX implicit link information from above output:
  link line regex: [^( *|.*[/\])(ld|CMAKE_LINK_STARTFILE-NOTFOUND|([^/\]+-)?ld|collect2)[^/\]*( |$)]
  ignore line: [Change Dir: /home/awanyan/liang-group-fss/fss-v0/build/CMakeFiles/CMakeTmp]
  ignore line: []
  ignore line: [Run Build Command(s):/usr/bin/gmake -f Makefile cmTC_0d7fd/fast && /usr/bin/gmake  -f CMakeFiles/cmTC_0d7fd.dir/build.make CMakeFiles/cmTC_0d7fd.dir/build]
  ignore line: [gmake[1]: Entering directory '/home/awanyan/liang-group-fss/fss-v0/build/CMakeFiles/CMakeTmp']
  ignore line: [Building CXX object CMakeFiles/cmTC_0d7fd.dir/CMakeCXXCompilerABI.cpp.o]
  ignore line: [/cm/shared/apps/spack/0.17.3/cpu/b/opt/spack/linux-rocky8-zen/gcc-8.5.0/gcc-10.2.0-npcyll4gxjhf4tejksmdzlsl3d3usqpd/bin/g++   -v -o CMakeFiles/cmTC_0d7fd.dir/CMakeCXXCompilerABI.cpp.o -c /cm/shared/apps/spack/0.17.3/cpu/b/opt/spack/linux-rocky8-zen2/gcc-10.2.0/cmake-3.21.4-teqow323nekvjuykogajj7rabwhsuohs/share/cmake-3.21/Modules/CMakeCXXCompilerABI.cpp]
  ignore line: [Reading specs from /cm/shared/apps/spack/0.17.3/cpu/b/opt/spack/linux-rocky8-zen/gcc-8.5.0/gcc-10.2.0-npcyll4gxjhf4tejksmdzlsl3d3usqpd/lib/gcc/x86_64-pc-linux-gnu/10.2.0/specs]
  ignore line: [COLLECT_GCC=/cm/shared/apps/spack/0.17.3/cpu/b/opt/spack/linux-rocky8-zen/gcc-8.5.0/gcc-10.2.0-npcyll4gxjhf4tejksmdzlsl3d3usqpd/bin/g++]
  ignore line: [Target: x86_64-pc-linux-gnu]
  ignore line: [Configured with: /scratch/spack_cpu/job_21694812/spack-stage/spack-stage-gcc-10.2.0-npcyll4gxjhf4tejksmdzlsl3d3usqpd/spack-src/configure --prefix=/cm/shared/apps/spack/0.17.3/cpu/b/opt/spack/linux-rocky8-zen/gcc-8.5.0/gcc-10.2.0-npcyll4gxjhf4tejksmdzlsl3d3usqpd --with-pkgversion='Spack GCC' --with-bugurl=https://github.com/spack/spack/issues --disable-multilib --enable-languages=c c++ fortran --disable-nls --with-system-zlib --with-zstd-include=/cm/shared/apps/spack/0.17.3/cpu/b/opt/spack/linux-rocky8-zen/gcc-8.5.0/zstd-1.5.0-ixhjq2kjkwwiubjqtzompy3ovx3xskjy/include --with-zstd-lib=/cm/shared/apps/spack/0.17.3/cpu/b/opt/spack/linux-rocky8-zen/gcc-8.5.0/zstd-1.5.0-ixhjq2kjkwwiubjqtzompy3ovx3xskjy/lib --disable-bootstrap --with-mpfr-include=/cm/shared/apps/spack/0.17.3/cpu/b/opt/spack/linux-rocky8-zen/gcc-8.5.0/mpfr-4.1.0-2gn43ksz5mn4l2ydhukvmf2hc5n6lsu2/include --with-mpfr-lib=/cm/shared/apps/spack/0.17.3/cpu/b/opt/spack/linux-rocky8-zen/gcc-8.5.0/mpfr-4.1.0-2gn43ksz5mn4l2ydhukvmf2hc5n6lsu2/lib --with-gmp-include=/cm/shared/apps/spack/0.17.3/cpu/b/opt/spack/linux-rocky8-zen/gcc-8.5.0/gmp-6.2.1-6d5recuzoijnpzdmyuyatwr32y6e756r/include --with-gmp-lib=/cm/shared/apps/spack/0.17.3/cpu/b/opt/spack/linux-rocky8-zen/gcc-8.5.0/gmp-6.2.1-6d5recuzoijnpzdmyuyatwr32y6e756r/lib --with-mpc-include=/cm/shared/apps/spack/0.17.3/cpu/b/opt/spack/linux-rocky8-zen/gcc-8.5.0/mpc-1.1.0-7brtlqfdvz2iwdzeyd23igqlwz3fq4d5/include --with-mpc-lib=/cm/shared/apps/spack/0.17.3/cpu/b/opt/spack/linux-rocky8-zen/gcc-8.5.0/mpc-1.1.0-7brtlqfdvz2iwdzeyd23igqlwz3fq4d5/lib --without-isl --with-stage1-ldflags='-Wl -rpath /cm/shared/apps/spack/0.17.3/cpu/b/opt/spack/linux-rocky8-zen/gcc-8.5.0/gcc-10.2.0-npcyll4gxjhf4tejksmdzlsl3d3usqpd/lib -Wl -rpath /cm/shared/apps/spack/0.17.3/cpu/b/opt/spack/linux-rocky8-zen/gcc-8.5.0/gcc-10.2.0-npcyll4gxjhf4tejksmdzlsl3d3usqpd/lib64 -Wl -rpath /cm/shared/apps/spack/0.17.3/cpu/b/opt/spack/linux-rocky8-zen/gcc-8.5.0/gmp-6.2.1-6d5recuzoijnpzdmyuyatwr32y6e756r/lib -Wl -rpath /cm/shared/apps/spack/0.17.3/cpu/b/opt/spack/linux-rocky8-zen/gcc-8.5.0/mpc-1.1.0-7brtlqfdvz2iwdzeyd23igqlwz3fq4d5/lib -Wl -rpath /cm/shared/apps/spack/0.17.3/cpu/b/opt/spack/linux-rocky8-zen/gcc-8.5.0/mpfr-4.1.0-2gn43ksz5mn4l2ydhukvmf2hc5n6lsu2/lib -Wl -rpath /cm/shared/apps/spack/0.17.3/cpu/b/opt/spack/linux-rocky8-zen/gcc-8.5.0/zlib-1.2.11-bmchsimapzrndjqxvin7wptdiiwoxdqq/lib -Wl -rpath /cm/shared/apps/spack/0.17.3/cpu/b/opt/spack/linux-rocky8-zen/gcc-8.5.0/zstd-1.5.0-ixhjq2kjkwwiubjqtzompy3ovx3xskjy/lib' --with-boot-ldflags='-Wl -rpath /cm/shared/apps/spack/0.17.3/cpu/b/opt/spack/linux-rocky8-zen/gcc-8.5.0/gcc-10.2.0-npcyll4gxjhf4tejksmdzlsl3d3usqpd/lib -Wl -rpath /cm/shared/apps/spack/0.17.3/cpu/b/opt/spack/linux-rocky8-zen/gcc-8.5.0/gcc-10.2.0-npcyll4gxjhf4tejksmdzlsl3d3usqpd/lib64 -Wl -rpath /cm/shared/apps/spack/0.17.3/cpu/b/opt/spack/linux-rocky8-zen/gcc-8.5.0/gmp-6.2.1-6d5recuzoijnpzdmyuyatwr32y6e756r/lib -Wl -rpath /cm/shared/apps/spack/0.17.3/cpu/b/opt/spack/linux-rocky8-zen/gcc-8.5.0/mpc-1.1.0-7brtlqfdvz2iwdzeyd23igqlwz3fq4d5/lib -Wl -rpath /cm/shared/apps/spack/0.17.3/cpu/b/opt/spack/linux-rocky8-zen/gcc-8.5.0/mpfr-4.1.0-2gn43ksz5mn4l2ydhukvmf2hc5n6lsu2/lib -Wl -rpath /cm/shared/apps/spack/0.17.3/cpu/b/opt/spack/linux-rocky8-zen/gcc-8.5.0/zlib-1.2.11-bmchsimapzrndjqxvin7wptdiiwoxdqq/lib -Wl -rpath /cm/shared/apps/spack/0.17.3/cpu/b/opt/spack/linux-rocky8-zen/gcc-8.5.0/zstd-1.5.0-ixhjq2kjkwwiubjqtzompy3ovx3xskjy/lib -static-libstdc++ -static-libgcc']
  ignore line: [Thread model: posix]
  ignore line: [Supported LTO compression algorithms: zlib zstd]
  ignore line: [gcc version 10.2.0 (Spack GCC) ]
  ignore line: [COLLECT_GCC_OPTIONS='-v' '-o' 'CMakeFiles/cmTC_0d7fd.dir/CMakeCXXCompilerABI.cpp.o' '-c' '-shared-libgcc' '-mtune=generic' '-march=x86-64']
  ignore line: [ /cm/shared/apps/spack/0.17.3/cpu/b/opt/spack/linux-rocky8-zen/gcc-8.5.0/gcc-10.2.0-npcyll4gxjhf4tejksmdzlsl3d3usqpd/libexec/gcc/x86_64-pc-linux-gnu/10.2.0/cc1plus -quiet -v -D_GNU_SOURCE /cm/shared/apps/spack/0.17.3/cpu/b/opt/spack/linux-rocky8-zen2/gcc-10.2.0/cmake-3.21.4-teqow323nekvjuykogajj7rabwhsuohs/share/cmake-3.21/Modules/CMakeCXXCompilerABI.cpp -quiet -dumpbase CMakeCXXCompilerABI.cpp -mtune=generic -march=x86-64 -auxbase-strip CMakeFiles/cmTC_0d7fd.dir/CMakeCXXCompilerABI.cpp.o -version -o /tmp/cccRbTCo.s]
  ignore line: [GNU C++14 (Spack GCC) version 10.2.0 (x86_64-pc-linux-gnu)]
  ignore line: [	compiled by GNU C version 8.5.0 20210514 (Red Hat 8.5.0-16)  GMP version 6.2.1  MPFR version 4.1.0  MPC version 1.1.0  isl version none]
  ignore line: [GGC heuristics: --param ggc-min-expand=100 --param ggc-min-heapsize=131072]
  ignore line: [ignoring nonexistent directory "/cm/shared/apps/spack/0.17.3/cpu/b/opt/spack/linux-rocky8-zen/gcc-8.5.0/gcc-10.2.0-npcyll4gxjhf4tejksmdzlsl3d3usqpd/lib/gcc/x86_64-pc-linux-gnu/10.2.0/../../../../x86_64-pc-linux-gnu/include"]
  ignore line: [#include "..." search starts here:]
  ignore line: [#include <...> search starts here:]
  ignore line: [ /cm/shared/apps/slurm/current/include]
  ignore line: [ /cm/shared/apps/spack/0.17.3/cpu/b/opt/spack/linux-rocky8-zen/gcc-8.5.0/gcc-10.2.0-npcyll4gxjhf4tejksmdzlsl3d3usqpd/lib/gcc/x86_64-pc-linux-gnu/10.2.0/../../../../include/c++/10.2.0]
  ignore line: [ /cm/shared/apps/spack/0.17.3/cpu/b/opt/spack/linux-rocky8-zen/gcc-8.5.0/gcc-10.2.0-npcyll4gxjhf4tejksmdzlsl3d3usqpd/lib/gcc/x86_64-pc-linux-gnu/10.2.0/../../../../include/c++/10.2.0/x86_64-pc-linux-gnu]
  ignore line: [ /cm/shared/apps/spack/0.17.3/cpu/b/opt/spack/linux-rocky8-zen/gcc-8.5.0/gcc-10.2.0-npcyll4gxjhf4tejksmdzlsl3d3usqpd/lib/gcc/x86_64-pc-linux-gnu/10.2.0/../../../../include/c++/10.2.0/backward]
  ignore line: [ /cm/shared/apps/spack/0.17.3/cpu/b/opt/spack/linux-rocky8-zen/gcc-8.5.0/gcc-10.2.0-npcyll4gxjhf4tejksmdzlsl3d3usqpd/lib/gcc/x86_64-pc-linux-gnu/10.2.0/include]
  ignore line: [ /usr/local/include]
  ignore line: [ /cm/shared/apps/spack/0.17.3/cpu/b/opt/spack/linux-rocky8-zen/gcc-8.5.0/gcc-10.2.0-npcyll4gxjhf4tejksmdzlsl3d3usqpd/include]
  ignore line: [ /cm/shared/apps/spack/0.17.3/cpu/b/opt/spack/linux-rocky8-zen/gcc-8.5.0/gcc-10.2.0-npcyll4gxjhf4tejksmdzlsl3d3usqpd/lib/gcc/x86_64-pc-linux-gnu/10.2.0/include-fixed]
  ignore line: [ /usr/include]
  ignore line: [End of search list.]
  ignore line: [GNU C++14 (Spack GCC) version 10.2.0 (x86_64-pc-linux-gnu)]
  ignore line: [	compiled by GNU C version 8.5.0 20210514 (Red Hat 8.5.0-16)  GMP version 6.2.1  MPFR version 4.1.0  MPC version 1.1.0  isl version none]
  ignore line: [GGC heuristics: --param ggc-min-expand=100 --param ggc-min-heapsize=131072]
  ignore line: [Compiler executable checksum: 778a628ce8696d1004b3c7d371e1dccc]
  ignore line: [COLLECT_GCC_OPTIONS='-v' '-o' 'CMakeFiles/cmTC_0d7fd.dir/CMakeCXXCompilerABI.cpp.o' '-c' '-shared-libgcc' '-mtune=generic' '-march=x86-64']
  ignore line: [ as -v --64 -o CMakeFiles/cmTC_0d7fd.dir/CMakeCXXCompilerABI.cpp.o /tmp/cccRbTCo.s]
  ignore line: [GNU assembler version 2.30 (x86_64-redhat-linux) using BFD version version 2.30-123.el8]
  ignore line: [COMPILER_PATH=/cm/shared/apps/spack/0.17.3/cpu/b/opt/spack/linux-rocky8-zen/gcc-8.5.0/gcc-10.2.0-npcyll4gxjhf4tejksmdzlsl3d3usqpd/libexec/gcc/x86_64-pc-linux-gnu/10.2.0/:/cm/shared/apps/spack/0.17.3/cpu/b/opt/spack/linux-rocky8-zen/gcc-8.5.0/gcc-10.2.0-npcyll4gxjhf4tejksmdzlsl3d3usqpd/libexec/gcc/x86_64-pc-linux-gnu/10.2.0/:/cm/shared/apps/spack/0.17.3/cpu/b/opt/spack/linux-rocky8-zen/gcc-8.5.0/gcc-10.2.0-npcyll4gxjhf4tejksmdzlsl3d3usqpd/libexec/gcc/x86_64-pc-linux-gnu/:/cm/shared/apps/spack/0.17.3/cpu/b/opt/spack/linux-rocky8-zen/gcc-8.5.0/gcc-10.2.0-npcyll4gxjhf4tejksmdzlsl3d3usqpd/lib/gcc/x86_64-pc-linux-gnu/10.2.0/:/cm/shared/apps/spack/0.17.3/cpu/b/opt/spack/linux-rocky8-zen/gcc-8.5.0/gcc-10.2.0-npcyll4gxjhf4tejksmdzlsl3d3usqpd/lib/gcc/x86_64-pc-linux-gnu/]
  ignore line: [LIBRARY_PATH=/cm/shared/apps/slurm/current/lib64/../lib64/:/cm/shared/apps/spack/0.17.3/cpu/b/opt/spack/linux-rocky8-zen/gcc-8.5.0/gcc-10.2.0-npcyll4gxjhf4tejksmdzlsl3d3usqpd/lib/gcc/x86_64-pc-linux-gnu/10.2.0/:/cm/shared/apps/spack/0.17.3/cpu/b/opt/spack/linux-rocky8-zen/gcc-8.5.0/gcc-10.2.0-npcyll4gxjhf4tejksmdzlsl3d3usqpd/lib/gcc/x86_64-pc-linux-gnu/10.2.0/../../../../lib64/:/lib/../lib64/:/usr/lib/../lib64/:/cm/shared/apps/slurm/current/lib64/slurm/:/cm/shared/apps/slurm/current/lib64/:/cm/shared/apps/spack/0.17.3/cpu/b/opt/spack/linux-rocky8-zen/gcc-8.5.0/gcc-10.2.0-npcyll4gxjhf4tejksmdzlsl3d3usqpd/lib/gcc/x86_64-pc-linux-gnu/10.2.0/../../../:/lib/:/usr/lib/]
  ignore line: [COLLECT_GCC_OPTIONS='-v' '-o' 'CMakeFiles/cmTC_0d7fd.dir/CMakeCXXCompilerABI.cpp.o' '-c' '-shared-libgcc' '-mtune=generic' '-march=x86-64']
  ignore line: [Linking CXX executable cmTC_0d7fd]
  ignore line: [/cm/shared/apps/spack/0.17.3/cpu/b/opt/spack/linux-rocky8-zen2/gcc-10.2.0/cmake-3.21.4-teqow323nekvjuykogajj7rabwhsuohs/bin/cmake -E cmake_link_script CMakeFiles/cmTC_0d7fd.dir/link.txt --verbose=1]
  ignore line: [/cm/shared/apps/spack/0.17.3/cpu/b/opt/spack/linux-rocky8-zen/gcc-8.5.0/gcc-10.2.0-npcyll4gxjhf4tejksmdzlsl3d3usqpd/bin/g++  -v -rdynamic CMakeFiles/cmTC_0d7fd.dir/CMakeCXXCompilerABI.cpp.o -o cmTC_0d7fd ]
  ignore line: [Reading specs from /cm/shared/apps/spack/0.17.3/cpu/b/opt/spack/linux-rocky8-zen/gcc-8.5.0/gcc-10.2.0-npcyll4gxjhf4tejksmdzlsl3d3usqpd/lib/gcc/x86_64-pc-linux-gnu/10.2.0/specs]
  ignore line: [COLLECT_GCC=/cm/shared/apps/spack/0.17.3/cpu/b/opt/spack/linux-rocky8-zen/gcc-8.5.0/gcc-10.2.0-npcyll4gxjhf4tejksmdzlsl3d3usqpd/bin/g++]
  ignore line: [COLLECT_LTO_WRAPPER=/cm/shared/apps/spack/0.17.3/cpu/b/opt/spack/linux-rocky8-zen/gcc-8.5.0/gcc-10.2.0-npcyll4gxjhf4tejksmdzlsl3d3usqpd/libexec/gcc/x86_64-pc-linux-gnu/10.2.0/lto-wrapper]
  ignore line: [Target: x86_64-pc-linux-gnu]
  ignore line: [Configured with: /scratch/spack_cpu/job_21694812/spack-stage/spack-stage-gcc-10.2.0-npcyll4gxjhf4tejksmdzlsl3d3usqpd/spack-src/configure --prefix=/cm/shared/apps/spack/0.17.3/cpu/b/opt/spack/linux-rocky8-zen/gcc-8.5.0/gcc-10.2.0-npcyll4gxjhf4tejksmdzlsl3d3usqpd --with-pkgversion='Spack GCC' --with-bugurl=https://github.com/spack/spack/issues --disable-multilib --enable-languages=c c++ fortran --disable-nls --with-system-zlib --with-zstd-include=/cm/shared/apps/spack/0.17.3/cpu/b/opt/spack/linux-rocky8-zen/gcc-8.5.0/zstd-1.5.0-ixhjq2kjkwwiubjqtzompy3ovx3xskjy/include --with-zstd-lib=/cm/shared/apps/spack/0.17.3/cpu/b/opt/spack/linux-rocky8-zen/gcc-8.5.0/zstd-1.5.0-ixhjq2kjkwwiubjqtzompy3ovx3xskjy/lib --disable-bootstrap --with-mpfr-include=/cm/shared/apps/spack/0.17.3/cpu/b/opt/spack/linux-rocky8-zen/gcc-8.5.0/mpfr-4.1.0-2gn43ksz5mn4l2ydhukvmf2hc5n6lsu2/include --with-mpfr-lib=/cm/shared/apps/spack/0.17.3/cpu/b/opt/spack/linux-rocky8-zen/gcc-8.5.0/mpfr-4.1.0-2gn43ksz5mn4l2ydhukvmf2hc5n6lsu2/lib --with-gmp-include=/cm/shared/apps/spack/0.17.3/cpu/b/opt/spack/linux-rocky8-zen/gcc-8.5.0/gmp-6.2.1-6d5recuzoijnpzdmyuyatwr32y6e756r/include --with-gmp-lib=/cm/shared/apps/spack/0.17.3/cpu/b/opt/spack/linux-rocky8-zen/gcc-8.5.0/gmp-6.2.1-6d5recuzoijnpzdmyuyatwr32y6e756r/lib --with-mpc-include=/cm/shared/apps/spack/0.17.3/cpu/b/opt/spack/linux-rocky8-zen/gcc-8.5.0/mpc-1.1.0-7brtlqfdvz2iwdzeyd23igqlwz3fq4d5/include --with-mpc-lib=/cm/shared/apps/spack/0.17.3/cpu/b/opt/spack/linux-rocky8-zen/gcc-8.5.0/mpc-1.1.0-7brtlqfdvz2iwdzeyd23igqlwz3fq4d5/lib --without-isl --with-stage1-ldflags='-Wl -rpath /cm/shared/apps/spack/0.17.3/cpu/b/opt/spack/linux-rocky8-zen/gcc-8.5.0/gcc-10.2.0-npcyll4gxjhf4tejksmdzlsl3d3usqpd/lib -Wl -rpath /cm/shared/apps/spack/0.17.3/cpu/b/opt/spack/linux-rocky8-zen/gcc-8.5.0/gcc-10.2.0-npcyll4gxjhf4tejksmdzlsl3d3usqpd/lib64 -Wl -rpath /cm/shared/apps/spack/0.17.3/cpu/b/opt/spack/linux-rocky8-zen/gcc-8.5.0/gmp-6.2.1-6d5recuzoijnpzdmyuyatwr32y6e756r/lib -Wl -rpath /cm/shared/apps/spack/0.17.3/cpu/b/opt/spack/linux-rocky8-zen/gcc-8.5.0/mpc-1.1.0-7brtlqfdvz2iwdzeyd23igqlwz3fq4d5/lib -Wl -rpath /cm/shared/apps/spack/0.17.3/cpu/b/opt/spack/linux-rocky8-zen/gcc-8.5.0/mpfr-4.1.0-2gn43ksz5mn4l2ydhukvmf2hc5n6lsu2/lib -Wl -rpath /cm/shared/apps/spack/0.17.3/cpu/b/opt/spack/linux-rocky8-zen/gcc-8.5.0/zlib-1.2.11-bmchsimapzrndjqxvin7wptdiiwoxdqq/lib -Wl -rpath /cm/shared/apps/spack/0.17.3/cpu/b/opt/spack/linux-rocky8-zen/gcc-8.5.0/zstd-1.5.0-ixhjq2kjkwwiubjqtzompy3ovx3xskjy/lib' --with-boot-ldflags='-Wl -rpath /cm/shared/apps/spack/0.17.3/cpu/b/opt/spack/linux-rocky8-zen/gcc-8.5.0/gcc-10.2.0-npcyll4gxjhf4tejksmdzlsl3d3usqpd/lib -Wl -rpath /cm/shared/apps/spack/0.17.3/cpu/b/opt/spack/linux-rocky8-zen/gcc-8.5.0/gcc-10.2.0-npcyll4gxjhf4tejksmdzlsl3d3usqpd/lib64 -Wl -rpath /cm/shared/apps/spack/0.17.3/cpu/b/opt/spack/linux-rocky8-zen/gcc-8.5.0/gmp-6.2.1-6d5recuzoijnpzdmyuyatwr32y6e756r/lib -Wl -rpath /cm/shared/apps/spack/0.17.3/cpu/b/opt/spack/linux-rocky8-zen/gcc-8.5.0/mpc-1.1.0-7brtlqfdvz2iwdzeyd23igqlwz3fq4d5/lib -Wl -rpath /cm/shared/apps/spack/0.17.3/cpu/b/opt/spack/linux-rocky8-zen/gcc-8.5.0/mpfr-4.1.0-2gn43ksz5mn4l2ydhukvmf2hc5n6lsu2/lib -Wl -rpath /cm/shared/apps/spack/0.17.3/cpu/b/opt/spack/linux-rocky8-zen/gcc-8.5.0/zlib-1.2.11-bmchsimapzrndjqxvin7wptdiiwoxdqq/lib -Wl -rpath /cm/shared/apps/spack/0.17.3/cpu/b/opt/spack/linux-rocky8-zen/gcc-8.5.0/zstd-1.5.0-ixhjq2kjkwwiubjqtzompy3ovx3xskjy/lib -static-libstdc++ -static-libgcc']
  ignore line: [Thread model: posix]
  ignore line: [Supported LTO compression algorithms: zlib zstd]
  ignore line: [gcc version 10.2.0 (Spack GCC) ]
  ignore line: [COMPILER_PATH=/cm/shared/apps/spack/0.17.3/cpu/b/opt/spack/linux-rocky8-zen/gcc-8.5.0/gcc-10.2.0-npcyll4gxjhf4tejksmdzlsl3d3usqpd/libexec/gcc/x86_64-pc-linux-gnu/10.2.0/:/cm/shared/apps/spack/0.17.3/cpu/b/opt/spack/linux-rocky8-zen/gcc-8.5.0/gcc-10.2.0-npcyll4gxjhf4tejksmdzlsl3d3usqpd/libexec/gcc/x86_64-pc-linux-gnu/10.2.0/:/cm/shared/apps/spack/0.17.3/cpu/b/opt/spack/linux-rocky8-zen/gcc-8.5.0/gcc-10.2.0-npcyll4gxjhf4tejksmdzlsl3d3usqpd/libexec/gcc/x86_64-pc-linux-gnu/:/cm/shared/apps/spack/0.17.3/cpu/b/opt/spack/linux-rocky8-zen/gcc-8.5.0/gcc-10.2.0-npcyll4gxjhf4tejksmdzlsl3d3usqpd/lib/gcc/x86_64-pc-linux-gnu/10.2.0/:/cm/shared/apps/spack/0.17.3/cpu/b/opt/spack/linux-rocky8-zen/gcc-8.5.0/gcc-10.2.0-npcyll4gxjhf4tejksmdzlsl3d3usqpd/lib/gcc/x86_64-pc-linux-gnu/]
  ignore line: [LIBRARY_PATH=/cm/shared/apps/slurm/current/lib64/../lib64/:/cm/shared/apps/spack/0.17.3/cpu/b/opt/spack/linux-rocky8-zen/gcc-8.5.0/gcc-10.2.0-npcyll4gxjhf4tejksmdzlsl3d3usqpd/lib/gcc/x86_64-pc-linux-gnu/10.2.0/:/cm/shared/apps/spack/0.17.3/cpu/b/opt/spack/linux-rocky8-zen/gcc-8.5.0/gcc-10.2.0-npcyll4gxjhf4tejksmdzlsl3d3usqpd/lib/gcc/x86_64-pc-linux-gnu/10.2.0/../../../../lib64/:/lib/../lib64/:/usr/lib/../lib64/:/cm/shared/apps/slurm/current/lib64/slurm/:/cm/shared/apps/slurm/current/lib64/:/cm/shared/apps/spack/0.17.3/cpu/b/opt/spack/linux-rocky8-zen/gcc-8.5.0/gcc-10.2.0-npcyll4gxjhf4tejksmdzlsl3d3usqpd/lib/gcc/x86_64-pc-linux-gnu/10.2.0/../../../:/lib/:/usr/lib/]
  ignore line: [COLLECT_GCC_OPTIONS='-v' '-rdynamic' '-o' 'cmTC_0d7fd' '-shared-libgcc' '-mtune=generic' '-march=x86-64']
  link line: [ /cm/shared/apps/spack/0.17.3/cpu/b/opt/spack/linux-rocky8-zen/gcc-8.5.0/gcc-10.2.0-npcyll4gxjhf4tejksmdzlsl3d3usqpd/libexec/gcc/x86_64-pc-linux-gnu/10.2.0/collect2 -plugin /cm/shared/apps/spack/0.17.3/cpu/b/opt/spack/linux-rocky8-zen/gcc-8.5.0/gcc-10.2.0-npcyll4gxjhf4tejksmdzlsl3d3usqpd/libexec/gcc/x86_64-pc-linux-gnu/10.2.0/liblto_plugin.so -plugin-opt=/cm/shared/apps/spack/0.17.3/cpu/b/opt/spack/linux-rocky8-zen/gcc-8.5.0/gcc-10.2.0-npcyll4gxjhf4tejksmdzlsl3d3usqpd/libexec/gcc/x86_64-pc-linux-gnu/10.2.0/lto-wrapper -plugin-opt=-fresolution=/tmp/ccwU7NTq.res -plugin-opt=-pass-through=-lgcc_s -plugin-opt=-pass-through=-lgcc -plugin-opt=-pass-through=-lc -plugin-opt=-pass-through=-lgcc_s -plugin-opt=-pass-through=-lgcc --eh-frame-hdr -m elf_x86_64 -export-dynamic -dynamic-linker /lib64/ld-linux-x86-64.so.2 -o cmTC_0d7fd /lib/../lib64/crt1.o /lib/../lib64/crti.o /cm/shared/apps/spack/0.17.3/cpu/b/opt/spack/linux-rocky8-zen/gcc-8.5.0/gcc-10.2.0-npcyll4gxjhf4tejksmdzlsl3d3usqpd/lib/gcc/x86_64-pc-linux-gnu/10.2.0/crtbegin.o -rpath /cm/shared/apps/spack/0.17.3/cpu/b/opt/spack/linux-rocky8-zen/gcc-8.5.0/gcc-10.2.0-npcyll4gxjhf4tejksmdzlsl3d3usqpd/lib64 -L/cm/shared/apps/slurm/current/lib64/../lib64 -L/cm/shared/apps/spack/0.17.3/cpu/b/opt/spack/linux-rocky8-zen/gcc-8.5.0/gcc-10.2.0-npcyll4gxjhf4tejksmdzlsl3d3usqpd/lib/gcc/x86_64-pc-linux-gnu/10.2.0 -L/cm/shared/apps/spack/0.17.3/cpu/b/opt/spack/linux-rocky8-zen/gcc-8.5.0/gcc-10.2.0-npcyll4gxjhf4tejksmdzlsl3d3usqpd/lib/gcc/x86_64-pc-linux-gnu/10.2.0/../../../../lib64 -L/lib/../lib64 -L/usr/lib/../lib64 -L/cm/shared/apps/slurm/current/lib64/slurm -L/cm/shared/apps/slurm/current/lib64 -L/cm/shared/apps/spack/0.17.3/cpu/b/opt/spack/linux-rocky8-zen/gcc-8.5.0/gcc-10.2.0-npcyll4gxjhf4tejksmdzlsl3d3usqpd/lib/gcc/x86_64-pc-linux-gnu/10.2.0/../../.. CMakeFiles/cmTC_0d7fd.dir/CMakeCXXCompilerABI.cpp.o -lstdc++ -lm -lgcc_s -lgcc -lc -lgcc_s -lgcc /cm/shared/apps/spack/0.17.3/cpu/b/opt/spack/linux-rocky8-zen/gcc-8.5.0/gcc-10.2.0-npcyll4gxjhf4tejksmdzlsl3d3usqpd/lib/gcc/x86_64-pc-linux-gnu/10.2.0/crtend.o /lib/../lib64/crtn.o]
    arg [/cm/shared/apps/spack/0.17.3/cpu/b/opt/spack/linux-rocky8-zen/gcc-8.5.0/gcc-10.2.0-npcyll4gxjhf4tejksmdzlsl3d3usqpd/libexec/gcc/x86_64-pc-linux-gnu/10.2.0/collect2] ==> ignore
    arg [-plugin] ==> ignore
    arg [/cm/shared/apps/spack/0.17.3/cpu/b/opt/spack/linux-rocky8-zen/gcc-8.5.0/gcc-10.2.0-npcyll4gxjhf4tejksmdzlsl3d3usqpd/libexec/gcc/x86_64-pc-linux-gnu/10.2.0/liblto_plugin.so] ==> ignore
    arg [-plugin-opt=/cm/shared/apps/spack/0.17.3/cpu/b/opt/spack/linux-rocky8-zen/gcc-8.5.0/gcc-10.2.0-npcyll4gxjhf4tejksmdzlsl3d3usqpd/libexec/gcc/x86_64-pc-linux-gnu/10.2.0/lto-wrapper] ==> ignore
    arg [-plugin-opt=-fresolution=/tmp/ccwU7NTq.res] ==> ignore
    arg [-plugin-opt=-pass-through=-lgcc_s] ==> ignore
    arg [-plugin-opt=-pass-through=-lgcc] ==> ignore
    arg [-plugin-opt=-pass-through=-lc] ==> ignore
    arg [-plugin-opt=-pass-through=-lgcc_s] ==> ignore
    arg [-plugin-opt=-pass-through=-lgcc] ==> ignore
    arg [--eh-frame-hdr] ==> ignore
    arg [-m] ==> ignore
    arg [elf_x86_64] ==> ignore
    arg [-export-dynamic] ==> ignore
    arg [-dynamic-linker] ==> ignore
    arg [/lib64/ld-linux-x86-64.so.2] ==> ignore
    arg [-o] ==> ignore
    arg [cmTC_0d7fd] ==> ignore
    arg [/lib/../lib64/crt1.o] ==> obj [/lib/../lib64/crt1.o]
    arg [/lib/../lib64/crti.o] ==> obj [/lib/../lib64/crti.o]
    arg [/cm/shared/apps/spack/0.17.3/cpu/b/opt/spack/linux-rocky8-zen/gcc-8.5.0/gcc-10.2.0-npcyll4gxjhf4tejksmdzlsl3d3usqpd/lib/gcc/x86_64-pc-linux-gnu/10.2.0/crtbegin.o] ==> obj [/cm/shared/apps/spack/0.17.3/cpu/b/opt/spack/linux-rocky8-zen/gcc-8.5.0/gcc-10.2.0-npcyll4gxjhf4tejksmdzlsl3d3usqpd/lib/gcc/x86_64-pc-linux-gnu/10.2.0/crtbegin.o]
    arg [-rpath] ==> ignore
    arg [/cm/shared/apps/spack/0.17.3/cpu/b/opt/spack/linux-rocky8-zen/gcc-8.5.0/gcc-10.2.0-npcyll4gxjhf4tejksmdzlsl3d3usqpd/lib64] ==> ignore
    arg [-L/cm/shared/apps/slurm/current/lib64/../lib64] ==> dir [/cm/shared/apps/slurm/current/lib64/../lib64]
    arg [-L/cm/shared/apps/spack/0.17.3/cpu/b/opt/spack/linux-rocky8-zen/gcc-8.5.0/gcc-10.2.0-npcyll4gxjhf4tejksmdzlsl3d3usqpd/lib/gcc/x86_64-pc-linux-gnu/10.2.0] ==> dir [/cm/shared/apps/spack/0.17.3/cpu/b/opt/spack/linux-rocky8-zen/gcc-8.5.0/gcc-10.2.0-npcyll4gxjhf4tejksmdzlsl3d3usqpd/lib/gcc/x86_64-pc-linux-gnu/10.2.0]
    arg [-L/cm/shared/apps/spack/0.17.3/cpu/b/opt/spack/linux-rocky8-zen/gcc-8.5.0/gcc-10.2.0-npcyll4gxjhf4tejksmdzlsl3d3usqpd/lib/gcc/x86_64-pc-linux-gnu/10.2.0/../../../../lib64] ==> dir [/cm/shared/apps/spack/0.17.3/cpu/b/opt/spack/linux-rocky8-zen/gcc-8.5.0/gcc-10.2.0-npcyll4gxjhf4tejksmdzlsl3d3usqpd/lib/gcc/x86_64-pc-linux-gnu/10.2.0/../../../../lib64]
    arg [-L/lib/../lib64] ==> dir [/lib/../lib64]
    arg [-L/usr/lib/../lib64] ==> dir [/usr/lib/../lib64]
    arg [-L/cm/shared/apps/slurm/current/lib64/slurm] ==> dir [/cm/shared/apps/slurm/current/lib64/slurm]
    arg [-L/cm/shared/apps/slurm/current/lib64] ==> dir [/cm/shared/apps/slurm/current/lib64]
    arg [-L/cm/shared/apps/spack/0.17.3/cpu/b/opt/spack/linux-rocky8-zen/gcc-8.5.0/gcc-10.2.0-npcyll4gxjhf4tejksmdzlsl3d3usqpd/lib/gcc/x86_64-pc-linux-gnu/10.2.0/../../..] ==> dir [/cm/shared/apps/spack/0.17.3/cpu/b/opt/spack/linux-rocky8-zen/gcc-8.5.0/gcc-10.2.0-npcyll4gxjhf4tejksmdzlsl3d3usqpd/lib/gcc/x86_64-pc-linux-gnu/10.2.0/../../..]
    arg [CMakeFiles/cmTC_0d7fd.dir/CMakeCXXCompilerABI.cpp.o] ==> ignore
    arg [-lstdc++] ==> lib [stdc++]
    arg [-lm] ==> lib [m]
    arg [-lgcc_s] ==> lib [gcc_s]
    arg [-lgcc] ==> lib [gcc]
    arg [-lc] ==> lib [c]
    arg [-lgcc_s] ==> lib [gcc_s]
    arg [-lgcc] ==> lib [gcc]
    arg [/cm/shared/apps/spack/0.17.3/cpu/b/opt/spack/linux-rocky8-zen/gcc-8.5.0/gcc-10.2.0-npcyll4gxjhf4tejksmdzlsl3d3usqpd/lib/gcc/x86_64-pc-linux-gnu/10.2.0/crtend.o] ==> obj [/cm/shared/apps/spack/0.17.3/cpu/b/opt/spack/linux-rocky8-zen/gcc-8.5.0/gcc-10.2.0-npcyll4gxjhf4tejksmdzlsl3d3usqpd/lib/gcc/x86_64-pc-linux-gnu/10.2.0/crtend.o]
    arg [/lib/../lib64/crtn.o] ==> obj [/lib/../lib64/crtn.o]
  collapse obj [/lib/../lib64/crt1.o] ==> [/lib64/crt1.o]
  collapse obj [/lib/../lib64/crti.o] ==> [/lib64/crti.o]
  collapse obj [/lib/../lib64/crtn.o] ==> [/lib64/crtn.o]
  collapse library dir [/cm/shared/apps/slurm/current/lib64/../lib64] ==> [/cm/shared/apps/slurm/current/lib64]
  collapse library dir [/cm/shared/apps/spack/0.17.3/cpu/b/opt/spack/linux-rocky8-zen/gcc-8.5.0/gcc-10.2.0-npcyll4gxjhf4tejksmdzlsl3d3usqpd/lib/gcc/x86_64-pc-linux-gnu/10.2.0] ==> [/cm/shared/apps/spack/0.17.3/cpu/b/opt/spack/linux-rocky8-zen/gcc-8.5.0/gcc-10.2.0-npcyll4gxjhf4tejksmdzlsl3d3usqpd/lib/gcc/x86_64-pc-linux-gnu/10.2.0]
  collapse library dir [/cm/shared/apps/spack/0.17.3/cpu/b/opt/spack/linux-rocky8-zen/gcc-8.5.0/gcc-10.2.0-npcyll4gxjhf4tejksmdzlsl3d3usqpd/lib/gcc/x86_64-pc-linux-gnu/10.2.0/../../../../lib64] ==> [/cm/shared/apps/spack/0.17.3/cpu/b/opt/spack/linux-rocky8-zen/gcc-8.5.0/gcc-10.2.0-npcyll4gxjhf4tejksmdzlsl3d3usqpd/lib64]
  collapse library dir [/lib/../lib64] ==> [/lib64]
  collapse library dir [/usr/lib/../lib64] ==> [/usr/lib64]
  collapse library dir [/cm/shared/apps/slurm/current/lib64/slurm] ==> [/cm/shared/apps/slurm/current/lib64/slurm]
  collapse library dir [/cm/shared/apps/slurm/current/lib64] ==> [/cm/shared/apps/slurm/current/lib64]
  collapse library dir [/cm/shared/apps/spack/0.17.3/cpu/b/opt/spack/linux-rocky8-zen/gcc-8.5.0/gcc-10.2.0-npcyll4gxjhf4tejksmdzlsl3d3usqpd/lib/gcc/x86_64-pc-linux-gnu/10.2.0/../../..] ==> [/cm/shared/apps/spack/0.17.3/cpu/b/opt/spack/linux-rocky8-zen/gcc-8.5.0/gcc-10.2.0-npcyll4gxjhf4tejksmdzlsl3d3usqpd/lib]
  implicit libs: [stdc++;m;gcc_s;gcc;c;gcc_s;gcc]
  implicit objs: [/lib64/crt1.o;/lib64/crti.o;/cm/shared/apps/spack/0.17.3/cpu/b/opt/spack/linux-rocky8-zen/gcc-8.5.0/gcc-10.2.0-npcyll4gxjhf4tejksmdzlsl3d3usqpd/lib/gcc/x86_64-pc-linux-gnu/10.2.0/crtbegin.o;/cm/shared/apps/spack/0.17.3/cpu/b/opt/spack/linux-rocky8-zen/gcc-8.5.0/gcc-10.2.0-npcyll4gxjhf4tejksmdzlsl3d3usqpd/lib/gcc/x86_64-pc-linux-gnu/10.2.0/crtend.o;/lib64/crtn.o]
  implicit dirs: [/cm/shared/apps/slurm/current/lib64;/cm/shared/apps/spack/0.17.3/cpu/b/opt/spack/linux-rocky8-zen/gcc-8.5.0/gcc-10.2.0-npcyll4gxjhf4tejksmdzlsl3d3usqpd/lib/gcc/x86_64-pc-linux-gnu/10.2.0;/cm/shared/apps/spack/0.17.3/cpu/b/opt/spack/linux-rocky8-zen/gcc-8.5.0/gcc-10.2.0-npcyll4gxjhf4tejksmdzlsl3d3usqpd/lib64;/lib64;/usr/lib64;/cm/shared/apps/slurm/current/lib64/slurm;/cm/shared/apps/spack/0.17.3/cpu/b/opt/spack/linux-rocky8-zen/gcc-8.5.0/gcc-10.2.0-npcyll4gxjhf4tejksmdzlsl3d3usqpd/lib]
  implicit fwks: []


Determining if the include file pthread.h exists passed with the following output:
Change Dir: /home/awanyan/liang-group-fss/fss-v0/build/CMakeFiles/CMakeTmp

Run Build Command(s):/usr/bin/gmake -f Makefile cmTC_b726f/fast && /usr/bin/gmake  -f CMakeFiles/cmTC_b726f.dir/build.make CMakeFiles/cmTC_b726f.dir/build
gmake[1]: Entering directory '/home/awanyan/liang-group-fss/fss-v0/build/CMakeFiles/CMakeTmp'
Building C object CMakeFiles/cmTC_b726f.dir/CheckIncludeFile.c.o
/cm/shared/apps/spack/0.17.3/cpu/b/opt/spack/linux-rocky8-zen/gcc-8.5.0/gcc-10.2.0-npcyll4gxjhf4tejksmdzlsl3d3usqpd/bin/gcc    -o CMakeFiles/cmTC_b726f.dir/CheckIncludeFile.c.o -c /home/awanyan/liang-group-fss/fss-v0/build/CMakeFiles/CMakeTmp/CheckIncludeFile.c
Linking C executable cmTC_b726f
/cm/shared/apps/spack/0.17.3/cpu/b/opt/spack/linux-rocky8-zen2/gcc-10.2.0/cmake-3.21.4-teqow323nekvjuykogajj7rabwhsuohs/bin/cmake -E cmake_link_script CMakeFiles/cmTC_b726f.dir/link.txt --verbose=1
/cm/shared/apps/spack/0.17.3/cpu/b/opt/spack/linux-rocky8-zen/gcc-8.5.0/gcc-10.2.0-npcyll4gxjhf4tejksmdzlsl3d3usqpd/bin/gcc CMakeFiles/cmTC_b726f.dir/CheckIncludeFile.c.o -o cmTC_b726f 
gmake[1]: Leaving directory '/home/awanyan/liang-group-fss/fss-v0/build/CMakeFiles/CMakeTmp'



