Performing C SOURCE FILE Test CMAKE_HAVE_LIBC_PTHREAD failed with the following output:
Change Dir: /home/awanyan/liang-group-fss/fss-v0/build/CMakeFiles/CMakeTmp

Run Build Command(s):/usr/bin/gmake -f Makefile cmTC_553a2/fast && /usr/bin/gmake  -f CMakeFiles/cmTC_553a2.dir/build.make CMakeFiles/cmTC_553a2.dir/build
gmake[1]: Entering directory '/home/awanyan/liang-group-fss/fss-v0/build/CMakeFiles/CMakeTmp'
Building C object CMakeFiles/cmTC_553a2.dir/src.c.o
/cm/shared/apps/spack/0.17.3/cpu/b/opt/spack/linux-rocky8-zen/gcc-8.5.0/gcc-10.2.0-npcyll4gxjhf4tejksmdzlsl3d3usqpd/bin/gcc -DCMAKE_HAVE_LIBC_PTHREAD   -o CMakeFiles/cmTC_553a2.dir/src.c.o -c /home/awanyan/liang-group-fss/fss-v0/build/CMakeFiles/CMakeTmp/src.c
Linking C executable cmTC_553a2
/cm/shared/apps/spack/0.17.3/cpu/b/opt/spack/linux-rocky8-zen2/gcc-10.2.0/cmake-3.21.4-teqow323nekvjuykogajj7rabwhsuohs/bin/cmake -E cmake_link_script CMakeFiles/cmTC_553a2.dir/link.txt --verbose=1
/cm/shared/apps/spack/0.17.3/cpu/b/opt/spack/linux-rocky8-zen/gcc-8.5.0/gcc-10.2.0-npcyll4gxjhf4tejksmdzlsl3d3usqpd/bin/gcc CMakeFiles/cmTC_553a2.dir/src.c.o -o cmTC_553a2 
CMakeFiles/cmTC_553a2.dir/src.c.o: In function `main':
src.c:(.text+0x2d): undefined reference to `pthread_create'
src.c:(.text+0x39): undefined reference to `pthread_detach'
src.c:(.text+0x45): undefined reference to `pthread_cancel'
src.c:(.text+0x56): undefined reference to `pthread_join'
collect2: error: ld returned 1 exit status
gmake[1]: *** [CMakeFiles/cmTC_553a2.dir/build.make:99: cmTC_553a2] Error 1
gmake[1]: Leaving directory '/home/awanyan/liang-group-fss/fss-v0/build/CMakeFiles/CMakeTmp'
gmake: *** [Makefile:127: cmTC_553a2/fast] Error 2


Source file was:
#include <pthread.h>

static void* test_func(void* data)
{
  return data;
}

int main(void)
{
  pthread_t thread;
  pthread_create(&thread, NULL, test_func, NULL);
  pthread_detach(thread);
  pthread_cancel(thread);
  pthread_join(thread, NULL);
  pthread_atfork(NULL, NULL, NULL);
  pthread_exit(NULL);

  return 0;
}

